****************************************
Report : Averaged Power
	-hierarchy
	-verbose
Design : mips_processor
Version: M-2017.06-SP2
Date   : Sun Nov 17 16:25:41 2019
****************************************

Library(s) Used:

    saed32rvt_tt1p05v125c (File: /apps/synopsys2017/cafe/SAED/SAED32_EDK/lib/stdcell_rvt/db_ccs/saed32rvt_tt1p05v125c.db)
    saed32rvt_tt1p05v25c (File: /apps/synopsys2017/cafe/SAED/SAED32_EDK/lib/stdcell_rvt/db_ccs/saed32rvt_tt1p05v25c.db)
    saed32rvt_tt1p05vn40c (File: /apps/synopsys2017/cafe/SAED/SAED32_EDK/lib/stdcell_rvt/db_ccs/saed32rvt_tt1p05vn40c.db)


Operating Conditions: tt1p05v125c   Library: saed32rvt_tt1p05v125c
Wire Load Model Mode: enclosed

Cell               Design       Wire_model  Library       Selection_type
--------------------------------------------------------------------------------
                   mips_processor
                                35000       saed32rvt_tt1p05v125c
                                                          automatic-by-area
a_control          alu_control  ForQA       saed32rvt_tt1p05v125c
                                                          automatic-by-area
datapath           mips_datapath
                                35000       saed32rvt_tt1p05v125c
                                                          automatic-by-area
datapath/aluOutReg register_width32_1
                                8000        saed32rvt_tt1p05v125c
                                                          automatic-by-area
datapath/Registers reg_file     16000       saed32rvt_tt1p05v125c
                                                          automatic-by-area
datapath/m_alu     alu          8000        saed32rvt_tt1p05v125c
                                                          automatic-by-area
datapath/m_alu/r65 alu_DW01_cmp6_0
                                8000        saed32rvt_tt1p05v125c
                                                          automatic-by-area
datapath/m_alu/add_49
                   alu_DW01_add_0
                                ForQA       saed32rvt_tt1p05v125c
                                                          automatic-by-area
datapath/m_alu/srl_65
                   alu_DW_rash_0
                                8000        saed32rvt_tt1p05v125c
                                                          automatic-by-area
datapath/m_alu/sub_50
                   alu_DW01_sub_0
                                8000        saed32rvt_tt1p05v125c
                                                          automatic-by-area
datapath/m_alu/sll_64
                   alu_DW01_ash_0
                                8000        saed32rvt_tt1p05v125c
                                                          automatic-by-area
datapath/IR        register_width32_5
                                8000        saed32rvt_tt1p05v125c
                                                          automatic-by-area
datapath/A         register_width32_3
                                8000        saed32rvt_tt1p05v125c
                                                          automatic-by-area
datapath/B         register_width32_2
                                8000        saed32rvt_tt1p05v125c
                                                          automatic-by-area
datapath/MDR       register_width32_4
                                8000        saed32rvt_tt1p05v125c
                                                          automatic-by-area
datapath/PC        register_width32_0
                                8000        saed32rvt_tt1p05v125c
                                                          automatic-by-area
control            mips_control ForQA       saed32rvt_tt1p05v125c
                                                          automatic-by-area

Power-specific unit information :
    Voltage Units = 1 V
    Capacitance Units = 1 pf
    Time Units = 1 ns
    Dynamic Power Units = 1 W
    Leakage Power Units = 1 W



                                      Int      Switch   Leak      Total
Hierarchy                             Power    Power    Power     Power    %
--------------------------------------------------------------------------------
mips_processor                             N/A 6.45e-05 4.49e-04       N/A   N/A
  a_control (alu_control)             2.00e-07 4.68e-08 2.10e-06  2.34e-06   N/A
  control (mips_control)              5.67e-06 9.00e-07 4.69e-06  1.13e-05   N/A
  datapath (mips_datapath)                 N/A 6.21e-05 4.42e-04       N/A   N/A
    aluOutReg (register_width32_1)    2.42e-05 1.19e-06 6.72e-06  3.21e-05   N/A
    Registers (reg_file)                   N/A 3.53e-05 3.13e-04       N/A   N/A
    m_alu (alu)                       4.37e-05 3.70e-06 7.49e-05  1.22e-04   N/A
      r65 (alu_DW01_cmp6_0)           3.64e-06 5.39e-07 1.26e-05  1.68e-05   N/A
      add_49 (alu_DW01_add_0)         2.61e-06 8.34e-08 5.45e-06  8.14e-06   N/A
      srl_65 (alu_DW_rash_0)          3.75e-06 8.79e-07 9.09e-06  1.37e-05   N/A
      sub_50 (alu_DW01_sub_0)         1.98e-05 1.08e-06 7.11e-06  2.80e-05   N/A
      sll_64 (alu_DW01_ash_0)         8.91e-06 6.36e-07 1.30e-05  2.25e-05   N/A
    IR (register_width32_5)           3.82e-05 3.16e-06 6.72e-06  4.81e-05   N/A
    A (register_width32_3)            2.13e-05 1.07e-06 6.72e-06  2.91e-05   N/A
    B (register_width32_2)            2.17e-05 1.11e-06 6.86e-06  2.97e-05   N/A
    MDR (register_width32_4)          4.95e-05 2.30e-06 6.72e-06  5.85e-05   N/A
    PC (register_width32_0)           2.37e-05 1.42e-06 6.77e-06  3.19e-05   N/A
1
