21:23:44    96 --> ...                                                                                      [tcl] ucliGUI::start /home/student/jkw0002/CPE527L/PROJECT/vcs_post_par/simv -ucligui -V {}
21:23:44    97 --> ...                                                                                          [tcl] set ucliGUI::state
21:23:44    98 --> ...                                                                                              [tcl] gui_update_simulator_buttons
21:23:45    99 --> ...                                                                                                  [tcl] set ucliGUI::state
21:23:45    100 --> ...  [tcl] ucliCore::getToolPID
21:23:45    101 --> ...      [tcl] synopsys::env hasTB
21:23:45    102 --> ...          [tcl] trigger_hier_stack_context_switch 0
21:23:45    103 --> ...              [tcl] synUtils::setDVEInitPhase 1
21:23:45    104 --> ...                  [tcl] gui_get_env SIMSETUP::SIMVPD
21:23:45    105 --> ...                      [tcl] synopsys::dump -type VPD -file /home/student/jkw0002/CPE527L/PROJECT/vcs_post_par/inter.vpd -locking
21:23:45    106 --> ...                          [tcl] synopsys::dump -autoflush on -fid VPD1
21:23:45    107 --> ...                              [tcl] set ::dve_fid VPD1
21:23:45    108 --> ...                                  [tcl] synUtils::setDVEInitPhase 0
21:23:45    109 --> ...                                      [tcl] ucliCore::getToolPID
21:23:45    110 --> ...                                          [tcl] synUtils::sendTool -active _icl_setToolSocket /tmp/smlnpiN0zDz
21:23:45    111 --> ...                                              [tcl] synUtils::sendTool -active {_icl_start_rpc -version "M-2017.03-SP1_Full64" -sync_file /tmp/vcs_dve_rpc.jkw0002.23090}
21:23:45    112 --> ...                                                  [tcl] synUtils::sendTool -active {_icl_createSharedMemory /tmp/vcs_dve_general.jkw0002.23090}
21:23:45    113 --> ...                                                      [tcl] config endofsim noexit
21:23:45    114 --> ...                                                          [tcl] config onfail enable all
21:23:45    115 --> ...                                                              [tcl] config syscaddplainmembers
21:23:45    116 --> ...                                                                  [tcl] config syscaddsourcenames
21:23:45    117 --> ...                                                                      [tcl] config syscaddstructtypes
21:23:45    118 --> ...                                                                          [tcl] synopsys::listing -disable
21:23:45    119 --> ...                                                                              [tcl] # Begin_DVE_Session_Save_Info
21:23:45    120 --> ...                                                                                  [tcl] # DVE restart session
21:23:45    121 --> ...                                                                                      [tcl] # Saved on Sat Nov 16 21:23:43 2019
21:23:45    122 --> ...                                                                                          [tcl] # Designs open: 1
21:23:45    123 --> ...                                                                                              [tcl] #   Sim: /home/student/jkw0002/CPE527L/PROJECT/vcs_post_par/simv
21:23:45    124 --> ...                                                                                                  [tcl] # Toplevel windows open: 2
21:23:45    125 --> ...  [tcl] # 	TopLevel.1
21:23:45    126 --> ...      [tcl] # 	TopLevel.2
21:23:45    127 --> ...          [tcl] #   Source.1: AND2X2
21:23:45    128 --> ...              [tcl] #   Wave.1: 32 signals
21:23:45    129 --> ...                  [tcl] #   Group count = 1
21:23:45    130 --> ...                      [tcl] #   Group mips_processor_tb signal count = 32
21:23:45    131 --> ...                          [tcl] # End_DVE_Session_Save_Info
21:23:45    132 --> ...                              [tcl] # DVE version: M-2017.03-SP1_Full64
21:23:45    133 --> ...                                  [tcl] # DVE build date: May 23 2017 21:13:32
21:23:45    134 --> ...                                      [tcl] #<Session mode="Restart" path=".restartSimSession.tcl" type="Debug">
21:23:45    135 --> ...                                          [tcl] gui_set_loading_session_type Restart
21:23:45    136 --> ...                                              [tcl] gui_continuetime_set
21:23:45    137 --> ...                                                  [tcl] gui_clear_window -type Wave
21:23:45    138 --> ...                                                      [tcl] gui_clear_window -type List
21:23:45    139 --> ...                                                          [tcl] # Application preferences
21:23:45    140 --> ...                                                              [tcl] gui_set_pref_value -key app_default_font -value {Helvetica,10,-1,5,50,0,0,0,0,0}
21:23:45    141 --> ...                                                                  [tcl] gui_src_preferences -tabstop 8 -maxbits 24 -windownumber 1
21:23:45    142 --> ...                                                                      [tcl] #<WindowLayout>
21:23:45    143 --> ...                                                                          [tcl] # DVE top-level session
21:23:45    144 --> ...                                                                              [tcl] # Create and position top-level window: TopLevel.1
21:23:45    145 --> ...                                                                                  [tcl] set TopLevel.1 TopLevel.1
21:23:45    146 --> ...                                                                                      [tcl] # Docked window settings
21:23:45    147 --> ...                                                                                          [tcl] set HSPane.1 HSPane.1
21:23:45    148 --> ...                                                                                              [tcl] set Hier.1 Hier.1
21:23:45    149 --> ...                                                                                                  [tcl] set Console.1 Console.1
21:23:45    150 --> ...  [tcl] gui_sync_global -id ${TopLevel.1} -option true
21:23:45    151 --> ...      [tcl] # MDI window settings
21:23:45    152 --> ...          [tcl] set DLPane.1 DLPane.1
21:23:45    153 --> ...              [tcl] set Data.1 Data.1
21:23:45    154 --> ...                  [tcl] gui_update_layout -id ${DLPane.1} {{show_state maximized} {dock_state undocked} {dock_on_new_line false} {child_data_colvariable 649} {child_data_colvalue 531} {child_data_coltype 590} {child_data_col1 0} {child_data_col2 1} {child_data_col3 2}}
21:23:46    155 --> ...                      [tcl] set Source.1 Source.1
21:23:46    156 --> ...                          [tcl] gui_update_layout -id ${Source.1} {{show_state maximized} {dock_state undocked} {dock_on_new_line false}}
21:23:47    157 --> ...                              [tcl] # End MDI window settings
21:23:47    158 --> ...                                  [tcl] # Create and position top-level window: TopLevel.2
21:23:47    159 --> ...                                      [tcl] set TopLevel.2 TopLevel.2
21:23:47    160 --> ...                                          [tcl] # Docked window settings
21:23:47    161 --> ...                                              [tcl] gui_sync_global -id ${TopLevel.2} -option true
21:23:47    162 --> ...                                                  [tcl] # MDI window settings
21:23:47    163 --> ...                                                      [tcl] set Wave.1 Wave.1
21:23:47    164 --> ...                                                          [tcl] gui_update_layout -id ${Wave.1} {{show_state maximized} {dock_state undocked} {dock_on_new_line false} {child_wave_left 520} {child_wave_right 1268} {child_wave_colname 258} {child_wave_colvalue 258} {child_wave_col1 0} {child_wave_col2 1}}
21:23:47    165 --> ...                                                              [tcl] # End MDI window settings
21:23:47    166 --> ...                                                                  [tcl] #</WindowLayout>
21:23:47    167 --> ...                                                                      [tcl] #<Database>
21:23:47    168 --> ...                                                                          [tcl] gui_set_precision 1ps
21:23:47    169 --> ...                                                                              [tcl] gui_set_time_units 1ps
21:23:47    170 --> ...                                                                                  [tcl] #</Database>
21:23:47    171 --> ...                                                                                      [tcl] # DVE Global setting session:
21:23:47    172 --> ...                                                                                          [tcl] # Global: Breakpoints
21:23:47    173 --> ...                                                                                              [tcl] # Global: Bus
21:23:47    174 --> ...                                                                                                  [tcl] # Global: Expressions
21:23:47    175 --> ...  [tcl] # Global: Signal Time Shift
21:23:47    176 --> ...      [tcl] # Global: Signal Compare
21:23:47    177 --> ...          [tcl] # Global: Signal Groups
21:23:47    178 --> ...              [tcl] gui_load_child_values {mips_processor_tb}
21:23:47    179 --> ...                  [tcl] synopsys::dump -add {mips_processor_tb} -scope "." -depth 1 -fid VPD1
21:23:47    180 --> ...                      [tcl] set _session_group_1 mips_processor_tb
21:23:47    181 --> ...                          [tcl] gui_sg_create "$_session_group_1"
21:23:47    182 --> ...                              [tcl] set mips_processor_tb "$_session_group_1"
21:23:47    183 --> ...                                  [tcl] gui_sg_addsignal -group "$_session_group_1" { mips_processor_tb.pcout mips_processor_tb.Ain_exp mips_processor_tb.errors mips_processor_tb.regwrite_exp mips_processor_tb.rdAddr2_exp mips_processor_tb.datatestvectors mips_processor_tb.memread_exp mips_processor_tb.rdAddr1_exp mips_processor_tb.memread mips_processor_tb.reset mips_processor_tb.vectornum mips_processor_tb.ext_mem mips_processor_tb.wrAddr_exp mips_processor_tb.addr_exp mips_processor_tb.writedata mips_processor_tb.addr mips_processor_tb.memdata mips_processor_tb.Bin_exp mips_processor_tb.wrData_exp mips_processor_tb.memwrite mips_processor_tb.wrData mips_processor_tb.writedata_exp mips_processor_tb.wrAddr mips_processor_tb.memwrite_exp mips_processor_tb.clk mips_processor_tb.regwrite mips_processor_tb.Ain mips_processor_tb.Bin mips_processor_tb.ctrltestvectors mips_processor_tb.rdAddr1 mips_processor_tb.pcout_exp mips_processor_tb.rdAddr2 }
21:23:47    184 --> ...                                      [tcl] # Global: Highlighting
21:23:47    185 --> ...                                          [tcl] # Global: Stack
21:23:47    186 --> ...                                              [tcl] gui_change_stack_mode -mode list
21:23:47    187 --> ...                                                  [tcl] synopsys::xml {set_only_active_frame <data value="1" />}
21:23:47    188 --> ...                                                      [tcl] # Post database loading setting...
21:23:47    189 --> ...                                                          [tcl] # Save global setting...
21:23:47    190 --> ...                                                              [tcl] # Wave/List view global setting
21:23:47    191 --> ...                                                                  [tcl] gui_cov_show_value -switch false
21:23:47    192 --> ...                                                                      [tcl] # Close all empty TopLevel windows
21:23:47    193 --> ...                                                                          [tcl] foreach __top [gui_ekki_get_window_ids -type TopLevel] {     if { [llength [gui_ekki_get_window_ids -parent $__top]] == 0} {         gui_close_window -window $__top     } }
21:23:47    194 --> ...                                                                              [tcl] gui_set_loading_session_type noSession
21:23:47    195 --> ...                                                                                  [tcl] # DVE View/pane content session:
21:23:47    196 --> ...                                                                                      [tcl] # Hier 'Hier.1'
21:23:47    197 --> ...                                                                                          [tcl] gui_show_window -window ${Hier.1}
21:23:47    198 --> ...                                                                                              [tcl] gui_list_set_filter -id ${Hier.1} -list { {Package 1} {All 0} {Process 1} {VirtPowSwitch 0} {UnnamedProcess 1} {UDP 0} {Function 1} {Block 1} {SrsnAndSpaCell 0} {OVA Unit 1} {LeafScCell 1} {LeafVlgCell 1} {Interface 1} {LeafVhdCell 1} {$unit 1} {NamedBlock 1} {Task 1} {VlgPackage 1} {ClassDef 1} {VirtIsoCell 0} }
21:23:47    199 --> ...                                                                                                  [tcl] gui_list_set_filter -id ${Hier.1} -text {*}
21:23:47    200 --> ...  [tcl] gui_change_design -id ${Hier.1} -design Sim
21:23:47    201 --> ...      [tcl] catch {gui_list_select -id ${Hier.1} {mips_processor_tb}}
21:23:47    202 --> ...          [tcl] dveMisc::vbusExpand mips_processor_tb
21:23:47    203 --> ...              [tcl] gui_view_scroll -id ${Hier.1} -vertical -set 5126
21:23:47    204 --> ...                  [tcl] gui_view_scroll -id ${Hier.1} -horizontal -set 0
21:23:47    205 --> ...                      [tcl] # Data 'Data.1'
21:23:47    206 --> ...                          [tcl] gui_list_set_filter -id ${Data.1} -list { {Buffer 1} {Input 1} {Others 1} {Linkage 1} {Output 1} {LowPower 1} {Parameter 1} {All 1} {Aggregate 1} {LibBaseMember 1} {Event 1} {Assertion 1} {Constant 1} {Interface 1} {BaseMembers 1} {Signal 1} {$unit 1} {Inout 1} {Variable 1} }
21:23:47    207 --> ...                              [tcl] gui_list_set_filter -id ${Data.1} -text {*}
21:23:47    208 --> ...                                  [tcl] gui_list_show_data -id ${Data.1} {mips_processor_tb}
21:23:47    209 --> ...                                      [tcl] gui_view_scroll -id ${Data.1} -vertical -set 0
21:23:47    210 --> ...                                          [tcl] gui_view_scroll -id ${Data.1} -horizontal -set 0
21:23:47    211 --> ...                                              [tcl] gui_view_scroll -id ${Hier.1} -vertical -set 5126
21:23:47    212 --> ...                                                  [tcl] gui_view_scroll -id ${Hier.1} -horizontal -set 0
21:23:47    213 --> ...                                                      [tcl] # Source 'Source.1'
21:23:47    214 --> ...                                                          [tcl] gui_src_value_annotate -id ${Source.1} -switch false
21:23:47    215 --> ...                                                              [tcl] gui_set_env TOGGLE::VALUEANNOTATE 0
21:23:47    216 --> ...                                                                  [tcl] gui_open_source -id ${Source.1}  -replace -active AND2X2 /apps/synopsys2017/cafe/SAED/SAED90_EDK/SAED_EDK90nm/Digital_Standard_cell_Library/verilog/saed90nm.v
21:23:48    217 --> ...                                                                      [tcl] gui_view_scroll -id ${Source.1} -vertical -set 1200
21:23:48    218 --> ...                                                                          [tcl] gui_src_set_reusable -id ${Source.1}
21:23:48    219 --> ...                                                                              [tcl] # View 'Wave.1'
21:23:48    220 --> ...                                                                                  [tcl] gui_wv_sync -id ${Wave.1} -switch false
21:23:48    221 --> ...                                                                                      [tcl] set groupExD [gui_get_pref_value -category Wave -key exclusiveSG]
21:23:48    222 --> ...                                                                                          [tcl] gui_set_pref_value -category Wave -key exclusiveSG -value {false}
21:23:48    223 --> ...                                                                                              [tcl] set origWaveHeight [gui_get_pref_value -category Wave -key waveRowHeight]
21:23:48    224 --> ...                                                                                                  [tcl] gui_list_set_height -id Wave -height 25
21:23:48    225 --> ...  [tcl] set origGroupCreationState [gui_list_create_group_when_add -wave]
21:23:48    226 --> ...      [tcl] gui_list_create_group_when_add -wave -disable
21:23:48    227 --> ...          [tcl] gui_wv_zoom_timerange -id ${Wave.1} 0 416
21:23:48    228 --> ...              [tcl] gui_list_add_group -id ${Wave.1} -after {New Group} {mips_processor_tb}
21:23:48    229 --> ...                  [tcl] synopsys::dump -add {mips_processor_tb.ctrltestvectors mips_processor_tb.datatestvectors mips_processor_tb.ext_mem } -aggregates  -fid VPD1
21:23:48    230 --> ...                      [tcl] gui_seek_criteria -id ${Wave.1} {Any Edge}
21:23:48    231 --> ...                          [tcl] gui_set_env TOGGLE::DEFAULT_WAVE_WINDOW ${Wave.1}
21:23:48    232 --> ...                              [tcl] gui_set_pref_value -category Wave -key exclusiveSG -value $groupExD
21:23:48    233 --> ...                                  [tcl] gui_list_set_height -id Wave -height $origWaveHeight
21:23:48    234 --> ...                                      [tcl] if {$origGroupCreationState} { 	gui_list_create_group_when_add -wave -enable }
21:23:48    235 --> ...                                          [tcl] if { $groupExD } {  gui_msg_report -code DVWW028 }
21:23:48    236 --> ...                                              [tcl] gui_list_set_filter -id ${Wave.1} -list { {Buffer 1} {Input 1} {Others 1} {Linkage 1} {Output 1} {Parameter 1} {All 1} {Aggregate 1} {LibBaseMember 1} {Event 1} {Assertion 1} {Constant 1} {Interface 1} {BaseMembers 1} {Signal 1} {$unit 1} {Inout 1} {Variable 1} }
21:23:48    237 --> ...                                                  [tcl] gui_list_set_filter -id ${Wave.1} -text {*}
21:23:48    238 --> ...                                                      [tcl] gui_list_set_insertion_bar  -id ${Wave.1} -group mips_processor_tb  -position in
21:23:48    239 --> ...                                                          [tcl] gui_view_scroll -id ${Wave.1} -vertical -set 0
21:23:48    240 --> ...                                                              [tcl] gui_show_grid -id ${Wave.1} -enable false
21:23:48    241 --> ...                                                                  [tcl] # Restore toplevel window zorder
21:23:48    242 --> ...                                                                      [tcl] # The toplevel window could be closed if it has no view/pane
21:23:48    243 --> ...                                                                          [tcl] if {[gui_exist_window -window ${TopLevel.1}]} { 	gui_set_active_window -window ${TopLevel.1} 	gui_set_active_window -window ${Source.1} 	gui_set_active_window -window ${HSPane.1} }
21:23:48    244 --> ...                                                                              [tcl] if {[gui_exist_window -window ${TopLevel.2}]} { 	gui_set_active_window -window ${TopLevel.2} 	gui_set_active_window -window ${Wave.1} }
21:23:48    245 --> ...                                                                                  [tcl] #</Session>
21:23:51    246 --> ...                                                                                      [tcl] synopsys::run
21:23:51    247 --> ...                                                                                          [tcl] set ucliGUI::state
21:23:51    248 --> ...                                                                                              [tcl] gui_update_simulator_buttons
21:23:51    249 --> ...                                                                                                  [tcl] set ucliGUI::state
21:23:52    250 --> ...  [tcl] set ucliGUI::state
21:23:52    251 --> ...      [tcl] set ucliGUI::state
21:23:52    252 --> ...          [tcl] catch {senv activeDomain} dveMisc::result 
21:23:52    253 --> ...              [tcl] set dveMisc::result
21:23:52    254 --> ...                  [tcl] gui_update_simulator_buttons
21:23:52    255 --> ...                      [tcl] dveMisc::vbusExpand AND2X2
21:23:59    256 --> ...                          [tcl] if [catch {gui_sim_terminate}] {gui_sim_terminate -kill}
21:23:59    257 --> ...                              [tcl] synopsys::finish
21:23:59    258 --> ...                                  [tcl] set ucliGUI::state
21:23:59    259 --> ...                                      [tcl] gui_update_simulator_buttons
21:23:59    260 --> ...                                          [tcl] set ucliGUI::state
21:23:59    261 --> ...                                              [tcl] catch {senv activeDomain} dveMisc::result 
21:23:59    262 --> ...                                                  [tcl] set dveMisc::result
21:23:59    263 --> ...                                                      [tcl] gui_update_simulator_buttons
21:23:59    264 --> ...                                                          [tcl] catch {senv activeDomain} dveMisc::result 
21:23:59    265 --> ...                                                              [tcl] set dveMisc::result
21:23:59    266 --> ...                                                                  [tcl] ucli_exit
