16:09:58    79 --> ...                  [tcl] ucliGUI::start /home/student/jkw0002/CPE527L/PROJECT/28nm/vcs_post_par/simv -ucligui -V {}
16:09:58    80 --> ...                      [tcl] set ucliGUI::state
16:09:59    81 --> ...                          [tcl] gui_update_simulator_buttons
16:10:00    82 --> ...                              [tcl] set ucliGUI::state
16:10:00    83 --> ...                                  [tcl] ucliCore::getToolPID
16:10:00    84 --> ...                                      [tcl] synopsys::env hasTB
16:10:00    85 --> ...                                          [tcl] trigger_hier_stack_context_switch 0
16:10:00    86 --> ...                                              [tcl] synUtils::setDVEInitPhase 1
16:10:00    87 --> ...                                                  [tcl] gui_get_env SIMSETUP::SIMVPD
16:10:00    88 --> ...                                                      [tcl] synopsys::dump -type VPD -file /home/student/jkw0002/CPE527L/PROJECT/28nm/vcs_post_par/inter.vpd -locking
16:10:00    89 --> ...                                                          [tcl] synopsys::dump -autoflush on -fid VPD1
16:10:00    90 --> ...                                                              [tcl] set ::dve_fid VPD1
16:10:00    91 --> ...                                                                  [tcl] synUtils::setDVEInitPhase 0
16:10:00    92 --> ...                                                                      [tcl] ucliCore::getToolPID
16:10:00    93 --> ...                                                                          [tcl] synUtils::sendTool -active _icl_setToolSocket /tmp/smlnpmU7uLa
16:10:00    94 --> ...                                                                              [tcl] synUtils::sendTool -active {_icl_start_rpc -version "M-2017.03-SP1_Full64" -sync_file /tmp/vcs_dve_rpc.jkw0002.4072}
16:10:00    95 --> ...                                                                                  [tcl] synUtils::sendTool -active {_icl_createSharedMemory /tmp/vcs_dve_general.jkw0002.4072}
16:10:00    96 --> ...                                                                                      [tcl] config endofsim noexit
16:10:00    97 --> ...                                                                                          [tcl] config onfail enable all
16:10:00    98 --> ...                                                                                              [tcl] config syscaddplainmembers
16:10:00    99 --> ...                                                                                                  [tcl] config syscaddsourcenames
16:10:00    100 --> ...  [tcl] config syscaddstructtypes
16:10:00    101 --> ...      [tcl] synopsys::listing -disable
16:10:01    102 --> ...          [tcl] # Begin_DVE_Session_Save_Info
16:10:01    103 --> ...              [tcl] # DVE restart session
16:10:01    104 --> ...                  [tcl] # Saved on Sun Nov 17 16:09:57 2019
16:10:01    105 --> ...                      [tcl] # Designs open: 1
16:10:01    106 --> ...                          [tcl] #   Sim: /home/student/jkw0002/CPE527L/PROJECT/28nm/vcs_post_par/simv
16:10:01    107 --> ...                              [tcl] # Toplevel windows open: 2
16:10:01    108 --> ...                                  [tcl] # 	TopLevel.1
16:10:01    109 --> ...                                      [tcl] # 	TopLevel.2
16:10:01    110 --> ...                                          [tcl] #   Source.1: AND2X1_HVT
16:10:01    111 --> ...                                              [tcl] #   Wave.1: 32 signals
16:10:01    112 --> ...                                                  [tcl] #   Group count = 1
16:10:01    113 --> ...                                                      [tcl] #   Group mips_processor_tb signal count = 32
16:10:01    114 --> ...                                                          [tcl] # End_DVE_Session_Save_Info
16:10:01    115 --> ...                                                              [tcl] # DVE version: M-2017.03-SP1_Full64
16:10:01    116 --> ...                                                                  [tcl] # DVE build date: May 23 2017 21:13:32
16:10:01    117 --> ...                                                                      [tcl] #<Session mode="Restart" path=".restartSimSession.tcl" type="Debug">
16:10:01    118 --> ...                                                                          [tcl] gui_set_loading_session_type Restart
16:10:01    119 --> ...                                                                              [tcl] gui_continuetime_set
16:10:01    120 --> ...                                                                                  [tcl] gui_clear_window -type Wave
16:10:01    121 --> ...                                                                                      [tcl] gui_clear_window -type List
16:10:01    122 --> ...                                                                                          [tcl] # Application preferences
16:10:01    123 --> ...                                                                                              [tcl] gui_set_pref_value -key app_default_font -value {Helvetica,10,-1,5,50,0,0,0,0,0}
16:10:01    124 --> ...                                                                                                  [tcl] gui_src_preferences -tabstop 8 -maxbits 24 -windownumber 1
16:10:01    125 --> ...  [tcl] #<WindowLayout>
16:10:01    126 --> ...      [tcl] # DVE top-level session
16:10:01    127 --> ...          [tcl] # Create and position top-level window: TopLevel.1
16:10:01    128 --> ...              [tcl] set TopLevel.1 TopLevel.1
16:10:01    129 --> ...                  [tcl] # Docked window settings
16:10:01    130 --> ...                      [tcl] set HSPane.1 HSPane.1
16:10:01    131 --> ...                          [tcl] set Hier.1 Hier.1
16:10:01    132 --> ...                              [tcl] set Console.1 Console.1
16:10:01    133 --> ...                                  [tcl] gui_sync_global -id ${TopLevel.1} -option true
16:10:01    134 --> ...                                      [tcl] # MDI window settings
16:10:01    135 --> ...                                          [tcl] set DLPane.1 DLPane.1
16:10:01    136 --> ...                                              [tcl] set Data.1 Data.1
16:10:01    137 --> ...                                                  [tcl] gui_update_layout -id ${DLPane.1} {{show_state maximized} {dock_state undocked} {dock_on_new_line false} {child_data_colvariable 649} {child_data_colvalue 531} {child_data_coltype 590} {child_data_col1 0} {child_data_col2 1} {child_data_col3 2}}
16:10:01    138 --> ...                                                      [tcl] set Source.1 Source.1
16:10:01    139 --> ...                                                          [tcl] gui_update_layout -id ${Source.1} {{show_state maximized} {dock_state undocked} {dock_on_new_line false}}
16:10:02    140 --> ...                                                              [tcl] # End MDI window settings
16:10:02    141 --> ...                                                                  [tcl] # Create and position top-level window: TopLevel.2
16:10:02    142 --> ...                                                                      [tcl] set TopLevel.2 TopLevel.2
16:10:02    143 --> ...                                                                          [tcl] # Docked window settings
16:10:02    144 --> ...                                                                              [tcl] gui_sync_global -id ${TopLevel.2} -option true
16:10:02    145 --> ...                                                                                  [tcl] # MDI window settings
16:10:02    146 --> ...                                                                                      [tcl] set Wave.1 Wave.1
16:10:02    147 --> ...                                                                                          [tcl] gui_update_layout -id ${Wave.1} {{show_state maximized} {dock_state undocked} {dock_on_new_line false} {child_wave_left 520} {child_wave_right 1267} {child_wave_colname 258} {child_wave_colvalue 258} {child_wave_col1 0} {child_wave_col2 1}}
16:10:02    148 --> ...                                                                                              [tcl] # End MDI window settings
16:10:02    149 --> ...                                                                                                  [tcl] #</WindowLayout>
16:10:02    150 --> ...  [tcl] #<Database>
16:10:02    151 --> ...      [tcl] gui_set_precision 1ps
16:10:02    152 --> ...          [tcl] gui_set_time_units 1ps
16:10:02    153 --> ...              [tcl] #</Database>
16:10:02    154 --> ...                  [tcl] # DVE Global setting session:
16:10:02    155 --> ...                      [tcl] # Global: Breakpoints
16:10:02    156 --> ...                          [tcl] # Global: Bus
16:10:02    157 --> ...                              [tcl] # Global: Expressions
16:10:02    158 --> ...                                  [tcl] # Global: Signal Time Shift
16:10:02    159 --> ...                                      [tcl] # Global: Signal Compare
16:10:02    160 --> ...                                          [tcl] # Global: Signal Groups
16:10:02    161 --> ...                                              [tcl] gui_load_child_values {mips_processor_tb}
16:10:02    162 --> ...                                                  [tcl] synopsys::dump -add {mips_processor_tb} -scope "." -depth 1 -fid VPD1
16:10:02    163 --> ...                                                      [tcl] set _session_group_1 mips_processor_tb
16:10:02    164 --> ...                                                          [tcl] gui_sg_create "$_session_group_1"
16:10:02    165 --> ...                                                              [tcl] set mips_processor_tb "$_session_group_1"
16:10:02    166 --> ...                                                                  [tcl] gui_sg_addsignal -group "$_session_group_1" { mips_processor_tb.pcout mips_processor_tb.Ain_exp mips_processor_tb.errors mips_processor_tb.regwrite_exp mips_processor_tb.rdAddr2_exp mips_processor_tb.datatestvectors mips_processor_tb.memread_exp mips_processor_tb.rdAddr1_exp mips_processor_tb.memread mips_processor_tb.reset mips_processor_tb.vectornum mips_processor_tb.ext_mem mips_processor_tb.wrAddr_exp mips_processor_tb.addr_exp mips_processor_tb.writedata mips_processor_tb.addr mips_processor_tb.memdata mips_processor_tb.Bin_exp mips_processor_tb.wrData_exp mips_processor_tb.memwrite mips_processor_tb.wrData mips_processor_tb.writedata_exp mips_processor_tb.wrAddr mips_processor_tb.memwrite_exp mips_processor_tb.clk mips_processor_tb.regwrite mips_processor_tb.Ain mips_processor_tb.Bin mips_processor_tb.ctrltestvectors mips_processor_tb.rdAddr1 mips_processor_tb.pcout_exp mips_processor_tb.rdAddr2 }
16:10:02    167 --> ...                                                                      [tcl] # Global: Highlighting
16:10:02    168 --> ...                                                                          [tcl] # Global: Stack
16:10:02    169 --> ...                                                                              [tcl] gui_change_stack_mode -mode list
16:10:02    170 --> ...                                                                                  [tcl] synopsys::xml {set_only_active_frame <data value="1" />}
16:10:02    171 --> ...                                                                                      [tcl] # Post database loading setting...
16:10:02    172 --> ...                                                                                          [tcl] # Save global setting...
16:10:02    173 --> ...                                                                                              [tcl] # Wave/List view global setting
16:10:02    174 --> ...                                                                                                  [tcl] gui_cov_show_value -switch false
16:10:02    175 --> ...  [tcl] # Close all empty TopLevel windows
16:10:02    176 --> ...      [tcl] foreach __top [gui_ekki_get_window_ids -type TopLevel] {     if { [llength [gui_ekki_get_window_ids -parent $__top]] == 0} {         gui_close_window -window $__top     } }
16:10:02    177 --> ...          [tcl] gui_set_loading_session_type noSession
16:10:02    178 --> ...              [tcl] # DVE View/pane content session:
16:10:02    179 --> ...                  [tcl] # Hier 'Hier.1'
16:10:02    180 --> ...                      [tcl] gui_show_window -window ${Hier.1}
16:10:02    181 --> ...                          [tcl] gui_list_set_filter -id ${Hier.1} -list { {Package 1} {All 0} {Process 1} {VirtPowSwitch 0} {UnnamedProcess 1} {UDP 0} {Function 1} {Block 1} {SrsnAndSpaCell 0} {OVA Unit 1} {LeafScCell 1} {LeafVlgCell 1} {Interface 1} {LeafVhdCell 1} {$unit 1} {NamedBlock 1} {Task 1} {VlgPackage 1} {ClassDef 1} {VirtIsoCell 0} }
16:10:02    182 --> ...                              [tcl] gui_list_set_filter -id ${Hier.1} -text {*}
16:10:02    183 --> ...                                  [tcl] gui_change_design -id ${Hier.1} -design Sim
16:10:02    184 --> ...                                      [tcl] catch {gui_list_select -id ${Hier.1} {mips_processor_tb}}
16:10:02    185 --> ...                                          [tcl] dveMisc::vbusExpand mips_processor_tb
16:10:02    186 --> ...                                              [tcl] gui_view_scroll -id ${Hier.1} -vertical -set 19426
16:10:02    187 --> ...                                                  [tcl] gui_view_scroll -id ${Hier.1} -horizontal -set 0
16:10:02    188 --> ...                                                      [tcl] # Data 'Data.1'
16:10:02    189 --> ...                                                          [tcl] gui_list_set_filter -id ${Data.1} -list { {Buffer 1} {Input 1} {Others 1} {Linkage 1} {Output 1} {LowPower 1} {Parameter 1} {All 1} {Aggregate 1} {LibBaseMember 1} {Event 1} {Assertion 1} {Constant 1} {Interface 1} {BaseMembers 1} {Signal 1} {$unit 1} {Inout 1} {Variable 1} }
16:10:02    190 --> ...                                                              [tcl] gui_list_set_filter -id ${Data.1} -text {*}
16:10:02    191 --> ...                                                                  [tcl] gui_list_show_data -id ${Data.1} {mips_processor_tb}
16:10:02    192 --> ...                                                                      [tcl] gui_view_scroll -id ${Data.1} -vertical -set 0
16:10:02    193 --> ...                                                                          [tcl] gui_view_scroll -id ${Data.1} -horizontal -set 0
16:10:02    194 --> ...                                                                              [tcl] gui_view_scroll -id ${Hier.1} -vertical -set 19426
16:10:02    195 --> ...                                                                                  [tcl] gui_view_scroll -id ${Hier.1} -horizontal -set 0
16:10:02    196 --> ...                                                                                      [tcl] # Source 'Source.1'
16:10:02    197 --> ...                                                                                          [tcl] gui_src_value_annotate -id ${Source.1} -switch false
16:10:02    198 --> ...                                                                                              [tcl] gui_set_env TOGGLE::VALUEANNOTATE 0
16:10:02    199 --> ...                                                                                                  [tcl] gui_open_source -id ${Source.1}  -replace -active AND2X1_HVT /apps/synopsys2017/cafe/SAED/SAED32_EDK/lib/stdcell_hvt/verilog/saed32nm_hvt.v
16:10:03    200 --> ...  [tcl] gui_view_scroll -id ${Source.1} -vertical -set 120
16:10:03    201 --> ...      [tcl] gui_src_set_reusable -id ${Source.1}
16:10:03    202 --> ...          [tcl] # View 'Wave.1'
16:10:03    203 --> ...              [tcl] gui_wv_sync -id ${Wave.1} -switch false
16:10:03    204 --> ...                  [tcl] set groupExD [gui_get_pref_value -category Wave -key exclusiveSG]
16:10:03    205 --> ...                      [tcl] gui_set_pref_value -category Wave -key exclusiveSG -value {false}
16:10:03    206 --> ...                          [tcl] set origWaveHeight [gui_get_pref_value -category Wave -key waveRowHeight]
16:10:03    207 --> ...                              [tcl] gui_list_set_height -id Wave -height 25
16:10:03    208 --> ...                                  [tcl] set origGroupCreationState [gui_list_create_group_when_add -wave]
16:10:03    209 --> ...                                      [tcl] gui_list_create_group_when_add -wave -disable
16:10:03    210 --> ...                                          [tcl] gui_wv_zoom_timerange -id ${Wave.1} 0 415
16:10:03    211 --> ...                                              [tcl] gui_list_add_group -id ${Wave.1} -after {New Group} {mips_processor_tb}
16:10:04    212 --> ...                                                  [tcl] synopsys::dump -add {mips_processor_tb.ctrltestvectors mips_processor_tb.datatestvectors mips_processor_tb.ext_mem } -aggregates  -fid VPD1
16:10:04    213 --> ...                                                      [tcl] gui_seek_criteria -id ${Wave.1} {Any Edge}
16:10:04    214 --> ...                                                          [tcl] gui_set_env TOGGLE::DEFAULT_WAVE_WINDOW ${Wave.1}
16:10:04    215 --> ...                                                              [tcl] gui_set_pref_value -category Wave -key exclusiveSG -value $groupExD
16:10:04    216 --> ...                                                                  [tcl] gui_list_set_height -id Wave -height $origWaveHeight
16:10:04    217 --> ...                                                                      [tcl] if {$origGroupCreationState} { 	gui_list_create_group_when_add -wave -enable }
16:10:04    218 --> ...                                                                          [tcl] if { $groupExD } {  gui_msg_report -code DVWW028 }
16:10:04    219 --> ...                                                                              [tcl] gui_list_set_filter -id ${Wave.1} -list { {Buffer 1} {Input 1} {Others 1} {Linkage 1} {Output 1} {Parameter 1} {All 1} {Aggregate 1} {LibBaseMember 1} {Event 1} {Assertion 1} {Constant 1} {Interface 1} {BaseMembers 1} {Signal 1} {$unit 1} {Inout 1} {Variable 1} }
16:10:04    220 --> ...                                                                                  [tcl] gui_list_set_filter -id ${Wave.1} -text {*}
16:10:04    221 --> ...                                                                                      [tcl] gui_list_set_insertion_bar  -id ${Wave.1} -group mips_processor_tb  -position in
16:10:04    222 --> ...                                                                                          [tcl] gui_view_scroll -id ${Wave.1} -vertical -set 0
16:10:04    223 --> ...                                                                                              [tcl] gui_show_grid -id ${Wave.1} -enable false
16:10:04    224 --> ...                                                                                                  [tcl] # Restore toplevel window zorder
16:10:04    225 --> ...  [tcl] # The toplevel window could be closed if it has no view/pane
16:10:04    226 --> ...      [tcl] if {[gui_exist_window -window ${TopLevel.1}]} { 	gui_set_active_window -window ${TopLevel.1} 	gui_set_active_window -window ${Source.1} 	gui_set_active_window -window ${HSPane.1} }
16:10:04    227 --> ...          [tcl] if {[gui_exist_window -window ${TopLevel.2}]} { 	gui_set_active_window -window ${TopLevel.2} 	gui_set_active_window -window ${Wave.1} }
16:10:04    228 --> ...              [tcl] #</Session>
16:10:07    229 --> ...                  [tcl] synopsys::run
16:10:07    230 --> ...                      [tcl] set ucliGUI::state
16:10:07    231 --> ...                          [tcl] gui_update_simulator_buttons
16:10:07    232 --> ...                              [tcl] set ucliGUI::state
16:10:07    233 --> ...                                  [tcl] set ucliGUI::state
16:10:07    234 --> ...                                      [tcl] set ucliGUI::state
16:10:07    235 --> ...                                          [tcl] catch {senv activeDomain} dveMisc::result 
16:10:07    236 --> ...                                              [tcl] set dveMisc::result
16:10:07    237 --> ...                                                  [tcl] gui_update_simulator_buttons
16:10:08    238 --> ...                                                      [tcl] dveMisc::vbusExpand AND2X1_HVT
16:11:21    239 --> ...                                                          [tcl] if [catch {gui_sim_terminate}] {gui_sim_terminate -kill}
16:11:21    240 --> ...                                                              [tcl] synopsys::finish
16:11:21    241 --> ...                                                                  [tcl] set ucliGUI::state
16:11:21    242 --> ...                                                                      [tcl] gui_update_simulator_buttons
16:11:21    243 --> ...                                                                          [tcl] set ucliGUI::state
16:11:21    244 --> ...                                                                              [tcl] catch {senv activeDomain} dveMisc::result 
16:11:21    245 --> ...                                                                                  [tcl] set dveMisc::result
16:11:21    246 --> ...                                                                                      [tcl] gui_update_simulator_buttons
16:11:21    247 --> ...                                                                                          [tcl] catch {senv activeDomain} dveMisc::result 
16:11:21    248 --> ...                                                                                              [tcl] set dveMisc::result
16:11:21    249 --> ...                                                                                                  [tcl] ucli_exit
