Information: Updating design information... (UID-85)
Warning: Design 'mips_processor' contains 1 high-fanout nets. A fanout number of 1000 will be used for delay calculations involving these nets. (TIM-134)
 
****************************************
Report : timing
        -path full
        -delay max
        -nets
        -max_paths 1
        -transition_time
Design : mips_processor
Version: M-2016.12-SP4
Date   : Sun Nov 17 12:55:59 2019
****************************************

 # A fanout number of 1000 was used for high fanout net computations.

Operating Conditions: tt1p05v125c   Library: saed32rvt_tt1p05v125c
Wire Load Model Mode: enclosed

  Startpoint: control/CS_reg[3]
              (rising edge-triggered flip-flop clocked by ideal_clock1)
  Endpoint: datapath/PC/Q_reg[3]
            (rising edge-triggered flip-flop clocked by ideal_clock1)
  Path Group: ideal_clock1
  Path Type: max

  Des/Clust/Port     Wire Load Model       Library
  ------------------------------------------------
  mips_processor     35000                 saed32rvt_tt1p05v125c
  mips_control       ForQA                 saed32rvt_tt1p05v125c
  mips_datapath      35000                 saed32rvt_tt1p05v125c
  alu_DW01_sub_0     ForQA                 saed32rvt_tt1p05v125c
  alu                8000                  saed32rvt_tt1p05v125c
  register_width32_0 8000                  saed32rvt_tt1p05v125c

Attributes:
    d - dont_touch
    u - dont_use
   mo - map_only
   so - size_only
    i - ideal_net or ideal_network
  inf - infeasible path

  Point                                       Fanout     Trans      Incr       Path      Attributes
  ---------------------------------------------------------------------------------------------------------
  clock ideal_clock1 (rise edge)                                    0.00       0.00
  clock network delay (ideal)                                       0.00       0.00
  control/CS_reg[3]/CLK (DFFSSRX1_RVT)                    0.00      0.00 #     0.00 r
  control/CS_reg[3]/QN (DFFSSRX1_RVT)                     0.05      0.09       0.09 r
  control/n504 (net)                            7                   0.00       0.09 r
  control/U17/Y (NAND2X0_RVT)                             0.06      0.06       0.15 f
  control/n39 (net)                             3                   0.00       0.15 f
  control/U11/Y (INVX1_RVT)                               0.04      0.05       0.21 r
  control/n503 (net)                            4                   0.00       0.21 r
  control/U54/Y (AO21X1_RVT)                              0.06      0.08       0.29 r
  control/alusrcb[1] (net)                     18                   0.00       0.29 r
  control/alusrcb[1] (mips_control)                                 0.00       0.29 r
  alusrcb[1] (net)                                                  0.00       0.29 r
  datapath/alusrcb[1] (mips_datapath)                               0.00       0.29 r
  datapath/alusrcb[1] (net)                                         0.00       0.29 r
  datapath/U114/Y (NOR2X0_RVT)                            0.02      0.10       0.39 f
  datapath/n11 (net)                            3                   0.00       0.39 f
  datapath/U203/Y (NBUFFX2_RVT)                           0.03      0.05       0.44 f
  datapath/n608 (net)                          12                   0.00       0.44 f
  datapath/U202/Y (AO22X1_RVT)                            0.06      0.09       0.53 f
  datapath/aluInB[1] (net)                     10                   0.00       0.53 f
  datapath/m_alu/b[1] (alu)                                         0.00       0.53 f
  datapath/m_alu/b[1] (net)                                         0.00       0.53 f
  datapath/m_alu/sub_50/B[1] (alu_DW01_sub_0)                       0.00       0.53 f
  datapath/m_alu/sub_50/B[1] (net)                                  0.00       0.53 f
  datapath/m_alu/sub_50/U4/Y (INVX1_RVT)                  0.03      0.06       0.59 r
  datapath/m_alu/sub_50/n618 (net)              1                   0.00       0.59 r
  datapath/m_alu/sub_50/U2_1/CO (FADDX1_RVT)              0.03      0.09       0.69 r    mo 
  datapath/m_alu/sub_50/carry[2] (net)          1                   0.00       0.69 r
  datapath/m_alu/sub_50/U2_2/CO (FADDX1_RVT)              0.03      0.09       0.77 r    mo 
  datapath/m_alu/sub_50/carry[3] (net)          1                   0.00       0.77 r
  datapath/m_alu/sub_50/U2_3/CO (FADDX1_RVT)              0.04      0.09       0.86 r    mo 
  datapath/m_alu/sub_50/carry[4] (net)          1                   0.00       0.86 r
  datapath/m_alu/sub_50/U2_4/CO (FADDX1_RVT)              0.03      0.09       0.96 r    mo 
  datapath/m_alu/sub_50/carry[5] (net)          1                   0.00       0.96 r
  datapath/m_alu/sub_50/U2_5/CO (FADDX1_RVT)              0.03      0.09       1.04 r    mo 
  datapath/m_alu/sub_50/carry[6] (net)          1                   0.00       1.04 r
  datapath/m_alu/sub_50/U2_6/CO (FADDX1_RVT)              0.03      0.09       1.13 r    mo 
  datapath/m_alu/sub_50/carry[7] (net)          1                   0.00       1.13 r
  datapath/m_alu/sub_50/U2_7/CO (FADDX1_RVT)              0.03      0.09       1.21 r    mo 
  datapath/m_alu/sub_50/carry[8] (net)          1                   0.00       1.21 r
  datapath/m_alu/sub_50/U2_8/CO (FADDX1_RVT)              0.03      0.09       1.30 r    mo 
  datapath/m_alu/sub_50/carry[9] (net)          1                   0.00       1.30 r
  datapath/m_alu/sub_50/U2_9/CO (FADDX1_RVT)              0.03      0.09       1.39 r    mo 
  datapath/m_alu/sub_50/carry[10] (net)         1                   0.00       1.39 r
  datapath/m_alu/sub_50/U2_10/CO (FADDX1_RVT)             0.03      0.09       1.47 r    mo 
  datapath/m_alu/sub_50/carry[11] (net)         1                   0.00       1.47 r
  datapath/m_alu/sub_50/U2_11/CO (FADDX1_RVT)             0.03      0.09       1.56 r    mo 
  datapath/m_alu/sub_50/carry[12] (net)         1                   0.00       1.56 r
  datapath/m_alu/sub_50/U2_12/CO (FADDX1_RVT)             0.03      0.09       1.65 r    mo 
  datapath/m_alu/sub_50/carry[13] (net)         1                   0.00       1.65 r
  datapath/m_alu/sub_50/U2_13/CO (FADDX1_RVT)             0.03      0.09       1.73 r    mo 
  datapath/m_alu/sub_50/carry[14] (net)         1                   0.00       1.73 r
  datapath/m_alu/sub_50/U2_14/CO (FADDX1_RVT)             0.03      0.09       1.82 r    mo 
  datapath/m_alu/sub_50/carry[15] (net)         1                   0.00       1.82 r
  datapath/m_alu/sub_50/U2_15/CO (FADDX1_RVT)             0.03      0.09       1.91 r    mo 
  datapath/m_alu/sub_50/carry[16] (net)         1                   0.00       1.91 r
  datapath/m_alu/sub_50/U2_16/CO (FADDX1_RVT)             0.03      0.09       1.99 r    mo 
  datapath/m_alu/sub_50/carry[17] (net)         1                   0.00       1.99 r
  datapath/m_alu/sub_50/U2_17/CO (FADDX1_RVT)             0.03      0.09       2.08 r    mo 
  datapath/m_alu/sub_50/carry[18] (net)         1                   0.00       2.08 r
  datapath/m_alu/sub_50/U2_18/CO (FADDX1_RVT)             0.03      0.09       2.17 r    mo 
  datapath/m_alu/sub_50/carry[19] (net)         1                   0.00       2.17 r
  datapath/m_alu/sub_50/U2_19/CO (FADDX1_RVT)             0.03      0.09       2.25 r    mo 
  datapath/m_alu/sub_50/carry[20] (net)         1                   0.00       2.25 r
  datapath/m_alu/sub_50/U2_20/CO (FADDX1_RVT)             0.03      0.09       2.34 r    mo 
  datapath/m_alu/sub_50/carry[21] (net)         1                   0.00       2.34 r
  datapath/m_alu/sub_50/U2_21/CO (FADDX1_RVT)             0.03      0.09       2.42 r    mo 
  datapath/m_alu/sub_50/carry[22] (net)         1                   0.00       2.42 r
  datapath/m_alu/sub_50/U2_22/CO (FADDX1_RVT)             0.03      0.09       2.51 r    mo 
  datapath/m_alu/sub_50/carry[23] (net)         1                   0.00       2.51 r
  datapath/m_alu/sub_50/U2_23/CO (FADDX1_RVT)             0.03      0.09       2.60 r    mo 
  datapath/m_alu/sub_50/carry[24] (net)         1                   0.00       2.60 r
  datapath/m_alu/sub_50/U2_24/CO (FADDX1_RVT)             0.03      0.09       2.68 r    mo 
  datapath/m_alu/sub_50/carry[25] (net)         1                   0.00       2.68 r
  datapath/m_alu/sub_50/U2_25/CO (FADDX1_RVT)             0.03      0.09       2.77 r    mo 
  datapath/m_alu/sub_50/carry[26] (net)         1                   0.00       2.77 r
  datapath/m_alu/sub_50/U2_26/CO (FADDX1_RVT)             0.03      0.09       2.86 r    mo 
  datapath/m_alu/sub_50/carry[27] (net)         1                   0.00       2.86 r
  datapath/m_alu/sub_50/U2_27/CO (FADDX1_RVT)             0.03      0.09       2.94 r    mo 
  datapath/m_alu/sub_50/carry[28] (net)         1                   0.00       2.94 r
  datapath/m_alu/sub_50/U2_28/CO (FADDX1_RVT)             0.03      0.09       3.03 r    mo 
  datapath/m_alu/sub_50/carry[29] (net)         1                   0.00       3.03 r
  datapath/m_alu/sub_50/U2_29/CO (FADDX1_RVT)             0.04      0.09       3.12 r    mo 
  datapath/m_alu/sub_50/carry[30] (net)         3                   0.00       3.12 r
  datapath/m_alu/sub_50/U8/Y (NAND2X0_RVT)                0.04      0.04       3.16 f
  datapath/m_alu/sub_50/n488 (net)              1                   0.00       3.16 f
  datapath/m_alu/sub_50/U10/Y (NAND3X0_RVT)               0.03      0.05       3.20 r
  datapath/m_alu/sub_50/carry[31] (net)         1                   0.00       3.20 r
  datapath/m_alu/sub_50/U6/Y (XNOR3X1_RVT)                0.03      0.07       3.27 f
  datapath/m_alu/sub_50/DIFF[31] (net)          1                   0.00       3.27 f
  datapath/m_alu/sub_50/DIFF[31] (alu_DW01_sub_0)                   0.00       3.27 f
  datapath/m_alu/N110 (net)                                         0.00       3.27 f
  datapath/m_alu/U142/Y (AOI222X1_RVT)                    0.02      0.08       3.35 r
  datapath/m_alu/n141 (net)                     1                   0.00       3.35 r
  datapath/m_alu/U141/Y (NAND4X0_RVT)                     0.06      0.06       3.41 f
  datapath/m_alu/aluResult[31] (net)            3                   0.00       3.41 f
  datapath/m_alu/U21/Y (OR4X1_RVT)                        0.01      0.08       3.49 f
  datapath/m_alu/n84 (net)                      1                   0.00       3.49 f
  datapath/m_alu/U91/Y (NOR4X0_RVT)                       0.01      0.07       3.56 r
  datapath/m_alu/n81 (net)                      1                   0.00       3.56 r
  datapath/m_alu/U90/Y (AND2X1_RVT)                       0.01      0.04       3.60 r
  datapath/m_alu/zero (net)                     1                   0.00       3.60 r
  datapath/m_alu/zero (alu)                                         0.00       3.60 r
  datapath/zero (net)                                               0.00       3.60 r
  datapath/U47/Y (AO21X1_RVT)                             0.02      0.06       3.66 r
  datapath/pc_enable (net)                      2                   0.00       3.66 r
  datapath/PC/load_en (register_width32_0)                          0.00       3.66 r
  datapath/PC/load_en (net)                                         0.00       3.66 r
  datapath/PC/U38/Y (NAND2X0_RVT)                         0.04      0.04       3.70 f
  datapath/PC/n37 (net)                         2                   0.00       3.70 f
  datapath/PC/U4/Y (INVX1_RVT)                            0.04      0.05       3.75 r
  datapath/PC/n153 (net)                       10                   0.00       3.75 r
  datapath/PC/U42/Y (NBUFFX2_RVT)                         0.03      0.06       3.82 r
  datapath/PC/n151 (net)                       11                   0.00       3.82 r
  datapath/PC/U6/Y (AO22X1_RVT)                           0.02      0.07       3.89 r
  datapath/PC/n8 (net)                          1                   0.00       3.89 r
  datapath/PC/Q_reg[3]/D (DFFX1_RVT)                      0.02      0.01       3.90 r
  data arrival time                                                            3.90

  clock ideal_clock1 (rise edge)                                    4.00       4.00
  clock network delay (ideal)                                       0.00       4.00
  datapath/PC/Q_reg[3]/CLK (DFFX1_RVT)                              0.00       4.00 r
  library setup time                                               -0.03       3.97
  data required time                                                           3.97
  ---------------------------------------------------------------------------------------------------------
  data required time                                                           3.97
  data arrival time                                                           -3.90
  ---------------------------------------------------------------------------------------------------------
  slack (MET)                                                                  0.07


1
