 
****************************************
Report : reference
Design : mips_processor
Version: M-2016.12-SP4
Date   : Sun Nov 17 12:57:52 2019
****************************************

Attributes:
    b - black box (unknown)
   bo - allows boundary optimization
    d - dont_touch
   mo - map_only
    h - hierarchical
    n - noncombinational
    r - removable
    s - synthetic operator
    u - contains unmapped logic

Reference          Library       Unit Area   Count    Total Area   Attributes
-----------------------------------------------------------------------------
alu_control                      48.541505       1     48.541505  h
mips_control                    146.895233       1    146.895233  h, n
mips_datapath                 17635.306612       1  17635.306612  h, n
-----------------------------------------------------------------------------
Total 3 references                                  17830.743350
1
