 
****************************************
  Report : Chip Summary
  Design : mips_processor
  Version: M-2016.12-SP4
  Date   : Mon Nov 18 21:53:57 2019
****************************************
Std cell utilization: 61.63%  (83993/(136284-0))
(Non-fixed + Fixed)
Std cell utilization: 95.95%  (83532/(136284-49224))
(Non-fixed only)
Chip area:            136284   sites, bbox (240.00 240.00 594.56 594.24) um
Std cell area:        83993    sites, (non-fixed:83532  fixed:461)
                      5519     cells, (non-fixed:5507   fixed:12)
Macro cell area:      0        sites
                      0        cells
Placement blockages:  0        sites, (excluding fixed std cells)
                      49224    sites, (include fixed std cells & chimney area)
                      0        sites, (complete p/g net blockages)
Routing blockages:    0        sites, (partial p/g net blockages)
                      0        sites, (routing blockages and signal pre-route)
Lib cell count:       45 
Avg. std cell width:  3.92 um 
Site array:           unit     (width: 0.32 um, height: 2.88 um, rows: 123)
Physical DB scale:    1000 db_unit = 1 um 

 
****************************************
  Report : pnet options
  Design : mips_processor
  Version: M-2016.12-SP4
  Date   : Mon Nov 18 21:53:57 2019
****************************************


--------------------------------------------------------------------
Layer      Blockage   Min_width   Min_height   Via_additive     Density
--------------------------------------------------------------------
M1         none          ---         ---       via additive      ---
M2         none          ---         ---       via additive      ---
M3         none          ---         ---       via additive      ---
M4         none          ---         ---       via additive      ---
M5         none          ---         ---       via additive      ---
M6         none          ---         ---       via additive      ---
M7         none          ---         ---       via additive      ---
M8         none          ---         ---       via additive      ---
M9         none          ---         ---       via additive      ---

**********************************
      Sub-Region Utilization      
**********************************
Number of regions with placement utilization 0 - 0.125 is 0 (0.00%)
Number of regions with placement utilization 0.125 - 0.25 is 0 (0.00%)
Number of regions with placement utilization 0.25 - 0.375 is 0 (0.00%)
Number of regions with placement utilization 0.375 - 0.5 is 0 (0.00%)
Number of regions with placement utilization 0.5 - 0.625 is 0 (0.00%)
Number of regions with placement utilization 0.625 - 0.75 is 0 (0.00%)
Number of regions with placement utilization 0.75 - 0.875 is 8 (1.28%)
Number of regions with placement utilization 0.875 - 1 is 617 (98.72%)
1
