 
****************************************
Report : timing
        -path full
        -delay max
        -max_paths 5
Design : mips_processor
Version: M-2016.12-SP4
Date   : Mon Nov 18 21:54:42 2019
****************************************

 * Some/all delay information is back-annotated.

Operating Conditions: WORST   Library: saed90nm_max

Information: Percent of Arnoldi-based delays = 10.04%

  Startpoint: control/CS_reg_3_
              (rising edge-triggered flip-flop clocked by ideal_clock1)
  Endpoint: datapath/PC/Q_reg_18_
            (rising edge-triggered flip-flop clocked by ideal_clock1)
  Path Group: ideal_clock1
  Path Type: max

  Point                                                   Incr       Path
  --------------------------------------------------------------------------
  clock ideal_clock1 (rise edge)                          0.00       0.00
  clock network delay (propagated)                        0.25       0.25
  control/CS_reg_3_/CLK (DFFX1)                           0.00       0.25 r
  control/CS_reg_3_/Q (DFFX1)                             0.79       1.04 f
  control/U69/Q (OR2X1)                                   0.25 &     1.29 f
  control/U18/QN (NOR2X0)                                 0.19 &     1.48 r
  control/U19/QN (NOR2X0)                                 0.24 &     1.72 f
  control/U5/QN (NOR2X0)                                  0.44 &     2.16 r
  control/alusrcb[0] (mips_control)                       0.00       2.16 r
  datapath/alusrcb[0] (mips_datapath)                     0.00       2.16 r
  datapath/U189/QN (NOR2X1)                               0.60 &     2.76 f
  datapath/U183/Z (DELLN1X2)                              1.16 &     3.93 f
  datapath/U114/Q (AO222X1)                               0.77 &     4.69 f
  datapath/m_alu/b[0] (alu)                               0.00       4.69 f
  datapath/m_alu/add_49/B[0] (alu_DW01_add_0)             0.00       4.69 f
  datapath/m_alu/add_49/U1/Q (AND2X1)                     0.34 &     5.03 f
  datapath/m_alu/add_49/U1_1/CO (FADDX1)                  0.38 &     5.40 f
  datapath/m_alu/add_49/U1_2/CO (FADDX1)                  0.40 &     5.81 f
  datapath/m_alu/add_49/U1_3/CO (FADDX1)                  0.39 &     6.20 f
  datapath/m_alu/add_49/U1_4/CO (FADDX1)                  0.38 &     6.58 f
  datapath/m_alu/add_49/U1_5/CO (FADDX1)                  0.39 &     6.97 f
  datapath/m_alu/add_49/U1_6/CO (FADDX1)                  0.38 &     7.35 f
  datapath/m_alu/add_49/U1_7/CO (FADDX1)                  0.38 &     7.74 f
  datapath/m_alu/add_49/U1_8/CO (FADDX1)                  0.38 &     8.12 f
  datapath/m_alu/add_49/U1_9/CO (FADDX1)                  0.38 &     8.50 f
  datapath/m_alu/add_49/U1_10/CO (FADDX1)                 0.38 &     8.88 f
  datapath/m_alu/add_49/U1_11/CO (FADDX1)                 0.38 &     9.26 f
  datapath/m_alu/add_49/U1_12/CO (FADDX1)                 0.38 &     9.64 f
  datapath/m_alu/add_49/U1_13/CO (FADDX1)                 0.38 &    10.02 f
  datapath/m_alu/add_49/U1_14/CO (FADDX1)                 0.39 &    10.41 f
  datapath/m_alu/add_49/U1_15/CO (FADDX1)                 0.38 &    10.80 f
  datapath/m_alu/add_49/U1_16/CO (FADDX1)                 0.38 &    11.18 f
  datapath/m_alu/add_49/U1_17/CO (FADDX1)                 0.39 &    11.56 f
  datapath/m_alu/add_49/U1_18/CO (FADDX1)                 0.38 &    11.94 f
  datapath/m_alu/add_49/U1_19/CO (FADDX1)                 0.38 &    12.32 f
  datapath/m_alu/add_49/U1_20/CO (FADDX1)                 0.38 &    12.70 f
  datapath/m_alu/add_49/U1_21/CO (FADDX1)                 0.37 &    13.07 f
  datapath/m_alu/add_49/U1_22/CO (FADDX1)                 0.38 &    13.45 f
  datapath/m_alu/add_49/U1_23/CO (FADDX1)                 0.38 &    13.83 f
  datapath/m_alu/add_49/U1_24/CO (FADDX1)                 0.39 &    14.22 f
  datapath/m_alu/add_49/U1_25/CO (FADDX1)                 0.39 &    14.61 f
  datapath/m_alu/add_49/U1_26/CO (FADDX1)                 0.39 &    15.00 f
  datapath/m_alu/add_49/U1_27/CO (FADDX1)                 0.38 &    15.39 f
  datapath/m_alu/add_49/U1_28/CO (FADDX1)                 0.38 &    15.77 f
  datapath/m_alu/add_49/U1_29/CO (FADDX1)                 0.38 &    16.15 f
  datapath/m_alu/add_49/U1_30/CO (FADDX1)                 0.35 &    16.50 f
  datapath/m_alu/add_49/U1_31/Q (XOR3X1)                  0.28 &    16.79 f
  datapath/m_alu/add_49/SUM[31] (alu_DW01_add_0)          0.00      16.79 f
  datapath/m_alu/U174/QN (AOI222X1)                       0.58 &    17.37 r
  datapath/m_alu/U173/QN (NAND4X0)                        0.53 &    17.90 f
  datapath/m_alu/U134/Q (OR4X1)                           0.41 &    18.31 f
  datapath/m_alu/U133/Q (OR4X1)                           0.42 &    18.73 f
  datapath/m_alu/U17/QN (NOR4X0)                          0.31 &    19.04 r
  datapath/m_alu/zero (alu)                               0.00      19.04 r
  datapath/U49/Q (AO21X1)                                 0.45 &    19.49 r
  datapath/PC/load_en (register_width32_0)                0.00      19.49 r
  datapath/PC/U43/ZN (INVX0)                              0.16 &    19.65 f
  datapath/PC/U40/QN (NOR2X2)                             0.42 &    20.07 r
  datapath/PC/U41/QN (NOR2X0)                             0.47 &    20.54 f
  datapath/PC/U5/Z (NBUFFX2)                              0.29 &    20.84 f
  datapath/PC/U24/Q (AO22X1)                              0.35 &    21.18 f
  datapath/PC/Q_reg_18_/D (DFFX1)                         0.00 &    21.18 f
  data arrival time                                                 21.18

  clock ideal_clock1 (rise edge)                        576.00     576.00
  clock network delay (propagated)                        0.26     576.26
  datapath/PC/Q_reg_18_/CLK (DFFX1)                       0.00     576.26 r
  library setup time                                     -0.12     576.13
  data required time                                               576.13
  --------------------------------------------------------------------------
  data required time                                               576.13
  data arrival time                                                -21.18
  --------------------------------------------------------------------------
  slack (MET)                                                      554.95


  Startpoint: control/CS_reg_3_
              (rising edge-triggered flip-flop clocked by ideal_clock1)
  Endpoint: datapath/PC/Q_reg_12_
            (rising edge-triggered flip-flop clocked by ideal_clock1)
  Path Group: ideal_clock1
  Path Type: max

  Point                                                   Incr       Path
  --------------------------------------------------------------------------
  clock ideal_clock1 (rise edge)                          0.00       0.00
  clock network delay (propagated)                        0.25       0.25
  control/CS_reg_3_/CLK (DFFX1)                           0.00       0.25 r
  control/CS_reg_3_/Q (DFFX1)                             0.79       1.04 f
  control/U69/Q (OR2X1)                                   0.25 &     1.29 f
  control/U18/QN (NOR2X0)                                 0.19 &     1.48 r
  control/U19/QN (NOR2X0)                                 0.24 &     1.72 f
  control/U5/QN (NOR2X0)                                  0.44 &     2.16 r
  control/alusrcb[0] (mips_control)                       0.00       2.16 r
  datapath/alusrcb[0] (mips_datapath)                     0.00       2.16 r
  datapath/U189/QN (NOR2X1)                               0.60 &     2.76 f
  datapath/U183/Z (DELLN1X2)                              1.16 &     3.93 f
  datapath/U114/Q (AO222X1)                               0.77 &     4.69 f
  datapath/m_alu/b[0] (alu)                               0.00       4.69 f
  datapath/m_alu/add_49/B[0] (alu_DW01_add_0)             0.00       4.69 f
  datapath/m_alu/add_49/U1/Q (AND2X1)                     0.34 &     5.03 f
  datapath/m_alu/add_49/U1_1/CO (FADDX1)                  0.38 &     5.40 f
  datapath/m_alu/add_49/U1_2/CO (FADDX1)                  0.40 &     5.81 f
  datapath/m_alu/add_49/U1_3/CO (FADDX1)                  0.39 &     6.20 f
  datapath/m_alu/add_49/U1_4/CO (FADDX1)                  0.38 &     6.58 f
  datapath/m_alu/add_49/U1_5/CO (FADDX1)                  0.39 &     6.97 f
  datapath/m_alu/add_49/U1_6/CO (FADDX1)                  0.38 &     7.35 f
  datapath/m_alu/add_49/U1_7/CO (FADDX1)                  0.38 &     7.74 f
  datapath/m_alu/add_49/U1_8/CO (FADDX1)                  0.38 &     8.12 f
  datapath/m_alu/add_49/U1_9/CO (FADDX1)                  0.38 &     8.50 f
  datapath/m_alu/add_49/U1_10/CO (FADDX1)                 0.38 &     8.88 f
  datapath/m_alu/add_49/U1_11/CO (FADDX1)                 0.38 &     9.26 f
  datapath/m_alu/add_49/U1_12/CO (FADDX1)                 0.38 &     9.64 f
  datapath/m_alu/add_49/U1_13/CO (FADDX1)                 0.38 &    10.02 f
  datapath/m_alu/add_49/U1_14/CO (FADDX1)                 0.39 &    10.41 f
  datapath/m_alu/add_49/U1_15/CO (FADDX1)                 0.38 &    10.80 f
  datapath/m_alu/add_49/U1_16/CO (FADDX1)                 0.38 &    11.18 f
  datapath/m_alu/add_49/U1_17/CO (FADDX1)                 0.39 &    11.56 f
  datapath/m_alu/add_49/U1_18/CO (FADDX1)                 0.38 &    11.94 f
  datapath/m_alu/add_49/U1_19/CO (FADDX1)                 0.38 &    12.32 f
  datapath/m_alu/add_49/U1_20/CO (FADDX1)                 0.38 &    12.70 f
  datapath/m_alu/add_49/U1_21/CO (FADDX1)                 0.37 &    13.07 f
  datapath/m_alu/add_49/U1_22/CO (FADDX1)                 0.38 &    13.45 f
  datapath/m_alu/add_49/U1_23/CO (FADDX1)                 0.38 &    13.83 f
  datapath/m_alu/add_49/U1_24/CO (FADDX1)                 0.39 &    14.22 f
  datapath/m_alu/add_49/U1_25/CO (FADDX1)                 0.39 &    14.61 f
  datapath/m_alu/add_49/U1_26/CO (FADDX1)                 0.39 &    15.00 f
  datapath/m_alu/add_49/U1_27/CO (FADDX1)                 0.38 &    15.39 f
  datapath/m_alu/add_49/U1_28/CO (FADDX1)                 0.38 &    15.77 f
  datapath/m_alu/add_49/U1_29/CO (FADDX1)                 0.38 &    16.15 f
  datapath/m_alu/add_49/U1_30/CO (FADDX1)                 0.35 &    16.50 f
  datapath/m_alu/add_49/U1_31/Q (XOR3X1)                  0.28 &    16.79 f
  datapath/m_alu/add_49/SUM[31] (alu_DW01_add_0)          0.00      16.79 f
  datapath/m_alu/U174/QN (AOI222X1)                       0.58 &    17.37 r
  datapath/m_alu/U173/QN (NAND4X0)                        0.53 &    17.90 f
  datapath/m_alu/U134/Q (OR4X1)                           0.41 &    18.31 f
  datapath/m_alu/U133/Q (OR4X1)                           0.42 &    18.73 f
  datapath/m_alu/U17/QN (NOR4X0)                          0.31 &    19.04 r
  datapath/m_alu/zero (alu)                               0.00      19.04 r
  datapath/U49/Q (AO21X1)                                 0.45 &    19.49 r
  datapath/PC/load_en (register_width32_0)                0.00      19.49 r
  datapath/PC/U43/ZN (INVX0)                              0.16 &    19.65 f
  datapath/PC/U40/QN (NOR2X2)                             0.42 &    20.07 r
  datapath/PC/U41/QN (NOR2X0)                             0.47 &    20.54 f
  datapath/PC/U5/Z (NBUFFX2)                              0.29 &    20.84 f
  datapath/PC/U18/Q (AO22X1)                              0.33 &    21.17 f
  datapath/PC/Q_reg_12_/D (DFFX1)                         0.00 &    21.17 f
  data arrival time                                                 21.17

  clock ideal_clock1 (rise edge)                        576.00     576.00
  clock network delay (propagated)                        0.25     576.25
  datapath/PC/Q_reg_12_/CLK (DFFX1)                       0.00     576.25 r
  library setup time                                     -0.12     576.13
  data required time                                               576.13
  --------------------------------------------------------------------------
  data required time                                               576.13
  data arrival time                                                -21.17
  --------------------------------------------------------------------------
  slack (MET)                                                      554.96


  Startpoint: control/CS_reg_3_
              (rising edge-triggered flip-flop clocked by ideal_clock1)
  Endpoint: datapath/PC/Q_reg_11_
            (rising edge-triggered flip-flop clocked by ideal_clock1)
  Path Group: ideal_clock1
  Path Type: max

  Point                                                   Incr       Path
  --------------------------------------------------------------------------
  clock ideal_clock1 (rise edge)                          0.00       0.00
  clock network delay (propagated)                        0.25       0.25
  control/CS_reg_3_/CLK (DFFX1)                           0.00       0.25 r
  control/CS_reg_3_/Q (DFFX1)                             0.79       1.04 f
  control/U69/Q (OR2X1)                                   0.25 &     1.29 f
  control/U18/QN (NOR2X0)                                 0.19 &     1.48 r
  control/U19/QN (NOR2X0)                                 0.24 &     1.72 f
  control/U5/QN (NOR2X0)                                  0.44 &     2.16 r
  control/alusrcb[0] (mips_control)                       0.00       2.16 r
  datapath/alusrcb[0] (mips_datapath)                     0.00       2.16 r
  datapath/U189/QN (NOR2X1)                               0.60 &     2.76 f
  datapath/U183/Z (DELLN1X2)                              1.16 &     3.93 f
  datapath/U114/Q (AO222X1)                               0.77 &     4.69 f
  datapath/m_alu/b[0] (alu)                               0.00       4.69 f
  datapath/m_alu/add_49/B[0] (alu_DW01_add_0)             0.00       4.69 f
  datapath/m_alu/add_49/U1/Q (AND2X1)                     0.34 &     5.03 f
  datapath/m_alu/add_49/U1_1/CO (FADDX1)                  0.38 &     5.40 f
  datapath/m_alu/add_49/U1_2/CO (FADDX1)                  0.40 &     5.81 f
  datapath/m_alu/add_49/U1_3/CO (FADDX1)                  0.39 &     6.20 f
  datapath/m_alu/add_49/U1_4/CO (FADDX1)                  0.38 &     6.58 f
  datapath/m_alu/add_49/U1_5/CO (FADDX1)                  0.39 &     6.97 f
  datapath/m_alu/add_49/U1_6/CO (FADDX1)                  0.38 &     7.35 f
  datapath/m_alu/add_49/U1_7/CO (FADDX1)                  0.38 &     7.74 f
  datapath/m_alu/add_49/U1_8/CO (FADDX1)                  0.38 &     8.12 f
  datapath/m_alu/add_49/U1_9/CO (FADDX1)                  0.38 &     8.50 f
  datapath/m_alu/add_49/U1_10/CO (FADDX1)                 0.38 &     8.88 f
  datapath/m_alu/add_49/U1_11/CO (FADDX1)                 0.38 &     9.26 f
  datapath/m_alu/add_49/U1_12/CO (FADDX1)                 0.38 &     9.64 f
  datapath/m_alu/add_49/U1_13/CO (FADDX1)                 0.38 &    10.02 f
  datapath/m_alu/add_49/U1_14/CO (FADDX1)                 0.39 &    10.41 f
  datapath/m_alu/add_49/U1_15/CO (FADDX1)                 0.38 &    10.80 f
  datapath/m_alu/add_49/U1_16/CO (FADDX1)                 0.38 &    11.18 f
  datapath/m_alu/add_49/U1_17/CO (FADDX1)                 0.39 &    11.56 f
  datapath/m_alu/add_49/U1_18/CO (FADDX1)                 0.38 &    11.94 f
  datapath/m_alu/add_49/U1_19/CO (FADDX1)                 0.38 &    12.32 f
  datapath/m_alu/add_49/U1_20/CO (FADDX1)                 0.38 &    12.70 f
  datapath/m_alu/add_49/U1_21/CO (FADDX1)                 0.37 &    13.07 f
  datapath/m_alu/add_49/U1_22/CO (FADDX1)                 0.38 &    13.45 f
  datapath/m_alu/add_49/U1_23/CO (FADDX1)                 0.38 &    13.83 f
  datapath/m_alu/add_49/U1_24/CO (FADDX1)                 0.39 &    14.22 f
  datapath/m_alu/add_49/U1_25/CO (FADDX1)                 0.39 &    14.61 f
  datapath/m_alu/add_49/U1_26/CO (FADDX1)                 0.39 &    15.00 f
  datapath/m_alu/add_49/U1_27/CO (FADDX1)                 0.38 &    15.39 f
  datapath/m_alu/add_49/U1_28/CO (FADDX1)                 0.38 &    15.77 f
  datapath/m_alu/add_49/U1_29/CO (FADDX1)                 0.38 &    16.15 f
  datapath/m_alu/add_49/U1_30/CO (FADDX1)                 0.35 &    16.50 f
  datapath/m_alu/add_49/U1_31/Q (XOR3X1)                  0.28 &    16.79 f
  datapath/m_alu/add_49/SUM[31] (alu_DW01_add_0)          0.00      16.79 f
  datapath/m_alu/U174/QN (AOI222X1)                       0.58 &    17.37 r
  datapath/m_alu/U173/QN (NAND4X0)                        0.53 &    17.90 f
  datapath/m_alu/U134/Q (OR4X1)                           0.41 &    18.31 f
  datapath/m_alu/U133/Q (OR4X1)                           0.42 &    18.73 f
  datapath/m_alu/U17/QN (NOR4X0)                          0.31 &    19.04 r
  datapath/m_alu/zero (alu)                               0.00      19.04 r
  datapath/U49/Q (AO21X1)                                 0.45 &    19.49 r
  datapath/PC/load_en (register_width32_0)                0.00      19.49 r
  datapath/PC/U43/ZN (INVX0)                              0.16 &    19.65 f
  datapath/PC/U40/QN (NOR2X2)                             0.42 &    20.07 r
  datapath/PC/U41/QN (NOR2X0)                             0.47 &    20.54 f
  datapath/PC/U4/Z (NBUFFX2)                              0.29 &    20.83 f
  datapath/PC/U17/Q (AO22X1)                              0.33 &    21.16 f
  datapath/PC/Q_reg_11_/D (DFFX1)                         0.00 &    21.16 f
  data arrival time                                                 21.16

  clock ideal_clock1 (rise edge)                        576.00     576.00
  clock network delay (propagated)                        0.25     576.25
  datapath/PC/Q_reg_11_/CLK (DFFX1)                       0.00     576.25 r
  library setup time                                     -0.12     576.13
  data required time                                               576.13
  --------------------------------------------------------------------------
  data required time                                               576.13
  data arrival time                                                -21.16
  --------------------------------------------------------------------------
  slack (MET)                                                      554.97


  Startpoint: control/CS_reg_3_
              (rising edge-triggered flip-flop clocked by ideal_clock1)
  Endpoint: datapath/PC/Q_reg_17_
            (rising edge-triggered flip-flop clocked by ideal_clock1)
  Path Group: ideal_clock1
  Path Type: max

  Point                                                   Incr       Path
  --------------------------------------------------------------------------
  clock ideal_clock1 (rise edge)                          0.00       0.00
  clock network delay (propagated)                        0.25       0.25
  control/CS_reg_3_/CLK (DFFX1)                           0.00       0.25 r
  control/CS_reg_3_/Q (DFFX1)                             0.79       1.04 f
  control/U69/Q (OR2X1)                                   0.25 &     1.29 f
  control/U18/QN (NOR2X0)                                 0.19 &     1.48 r
  control/U19/QN (NOR2X0)                                 0.24 &     1.72 f
  control/U5/QN (NOR2X0)                                  0.44 &     2.16 r
  control/alusrcb[0] (mips_control)                       0.00       2.16 r
  datapath/alusrcb[0] (mips_datapath)                     0.00       2.16 r
  datapath/U189/QN (NOR2X1)                               0.60 &     2.76 f
  datapath/U183/Z (DELLN1X2)                              1.16 &     3.93 f
  datapath/U114/Q (AO222X1)                               0.77 &     4.69 f
  datapath/m_alu/b[0] (alu)                               0.00       4.69 f
  datapath/m_alu/add_49/B[0] (alu_DW01_add_0)             0.00       4.69 f
  datapath/m_alu/add_49/U1/Q (AND2X1)                     0.34 &     5.03 f
  datapath/m_alu/add_49/U1_1/CO (FADDX1)                  0.38 &     5.40 f
  datapath/m_alu/add_49/U1_2/CO (FADDX1)                  0.40 &     5.81 f
  datapath/m_alu/add_49/U1_3/CO (FADDX1)                  0.39 &     6.20 f
  datapath/m_alu/add_49/U1_4/CO (FADDX1)                  0.38 &     6.58 f
  datapath/m_alu/add_49/U1_5/CO (FADDX1)                  0.39 &     6.97 f
  datapath/m_alu/add_49/U1_6/CO (FADDX1)                  0.38 &     7.35 f
  datapath/m_alu/add_49/U1_7/CO (FADDX1)                  0.38 &     7.74 f
  datapath/m_alu/add_49/U1_8/CO (FADDX1)                  0.38 &     8.12 f
  datapath/m_alu/add_49/U1_9/CO (FADDX1)                  0.38 &     8.50 f
  datapath/m_alu/add_49/U1_10/CO (FADDX1)                 0.38 &     8.88 f
  datapath/m_alu/add_49/U1_11/CO (FADDX1)                 0.38 &     9.26 f
  datapath/m_alu/add_49/U1_12/CO (FADDX1)                 0.38 &     9.64 f
  datapath/m_alu/add_49/U1_13/CO (FADDX1)                 0.38 &    10.02 f
  datapath/m_alu/add_49/U1_14/CO (FADDX1)                 0.39 &    10.41 f
  datapath/m_alu/add_49/U1_15/CO (FADDX1)                 0.38 &    10.80 f
  datapath/m_alu/add_49/U1_16/CO (FADDX1)                 0.38 &    11.18 f
  datapath/m_alu/add_49/U1_17/CO (FADDX1)                 0.39 &    11.56 f
  datapath/m_alu/add_49/U1_18/CO (FADDX1)                 0.38 &    11.94 f
  datapath/m_alu/add_49/U1_19/CO (FADDX1)                 0.38 &    12.32 f
  datapath/m_alu/add_49/U1_20/CO (FADDX1)                 0.38 &    12.70 f
  datapath/m_alu/add_49/U1_21/CO (FADDX1)                 0.37 &    13.07 f
  datapath/m_alu/add_49/U1_22/CO (FADDX1)                 0.38 &    13.45 f
  datapath/m_alu/add_49/U1_23/CO (FADDX1)                 0.38 &    13.83 f
  datapath/m_alu/add_49/U1_24/CO (FADDX1)                 0.39 &    14.22 f
  datapath/m_alu/add_49/U1_25/CO (FADDX1)                 0.39 &    14.61 f
  datapath/m_alu/add_49/U1_26/CO (FADDX1)                 0.39 &    15.00 f
  datapath/m_alu/add_49/U1_27/CO (FADDX1)                 0.38 &    15.39 f
  datapath/m_alu/add_49/U1_28/CO (FADDX1)                 0.38 &    15.77 f
  datapath/m_alu/add_49/U1_29/CO (FADDX1)                 0.38 &    16.15 f
  datapath/m_alu/add_49/U1_30/CO (FADDX1)                 0.35 &    16.50 f
  datapath/m_alu/add_49/U1_31/Q (XOR3X1)                  0.28 &    16.79 f
  datapath/m_alu/add_49/SUM[31] (alu_DW01_add_0)          0.00      16.79 f
  datapath/m_alu/U174/QN (AOI222X1)                       0.58 &    17.37 r
  datapath/m_alu/U173/QN (NAND4X0)                        0.53 &    17.90 f
  datapath/m_alu/U134/Q (OR4X1)                           0.41 &    18.31 f
  datapath/m_alu/U133/Q (OR4X1)                           0.42 &    18.73 f
  datapath/m_alu/U17/QN (NOR4X0)                          0.31 &    19.04 r
  datapath/m_alu/zero (alu)                               0.00      19.04 r
  datapath/U49/Q (AO21X1)                                 0.45 &    19.49 r
  datapath/PC/load_en (register_width32_0)                0.00      19.49 r
  datapath/PC/U43/ZN (INVX0)                              0.16 &    19.65 f
  datapath/PC/U40/QN (NOR2X2)                             0.42 &    20.07 r
  datapath/PC/U41/QN (NOR2X0)                             0.47 &    20.54 f
  datapath/PC/U4/Z (NBUFFX2)                              0.29 &    20.83 f
  datapath/PC/U23/Q (AO22X1)                              0.33 &    21.17 f
  datapath/PC/Q_reg_17_/D (DFFX1)                         0.00 &    21.17 f
  data arrival time                                                 21.17

  clock ideal_clock1 (rise edge)                        576.00     576.00
  clock network delay (propagated)                        0.26     576.26
  datapath/PC/Q_reg_17_/CLK (DFFX1)                       0.00     576.26 r
  library setup time                                     -0.12     576.14
  data required time                                               576.14
  --------------------------------------------------------------------------
  data required time                                               576.14
  data arrival time                                                -21.17
  --------------------------------------------------------------------------
  slack (MET)                                                      554.97


  Startpoint: control/CS_reg_3_
              (rising edge-triggered flip-flop clocked by ideal_clock1)
  Endpoint: datapath/PC/Q_reg_7_
            (rising edge-triggered flip-flop clocked by ideal_clock1)
  Path Group: ideal_clock1
  Path Type: max

  Point                                                   Incr       Path
  --------------------------------------------------------------------------
  clock ideal_clock1 (rise edge)                          0.00       0.00
  clock network delay (propagated)                        0.25       0.25
  control/CS_reg_3_/CLK (DFFX1)                           0.00       0.25 r
  control/CS_reg_3_/Q (DFFX1)                             0.79       1.04 f
  control/U69/Q (OR2X1)                                   0.25 &     1.29 f
  control/U18/QN (NOR2X0)                                 0.19 &     1.48 r
  control/U19/QN (NOR2X0)                                 0.24 &     1.72 f
  control/U5/QN (NOR2X0)                                  0.44 &     2.16 r
  control/alusrcb[0] (mips_control)                       0.00       2.16 r
  datapath/alusrcb[0] (mips_datapath)                     0.00       2.16 r
  datapath/U189/QN (NOR2X1)                               0.60 &     2.76 f
  datapath/U183/Z (DELLN1X2)                              1.16 &     3.93 f
  datapath/U114/Q (AO222X1)                               0.77 &     4.69 f
  datapath/m_alu/b[0] (alu)                               0.00       4.69 f
  datapath/m_alu/add_49/B[0] (alu_DW01_add_0)             0.00       4.69 f
  datapath/m_alu/add_49/U1/Q (AND2X1)                     0.34 &     5.03 f
  datapath/m_alu/add_49/U1_1/CO (FADDX1)                  0.38 &     5.40 f
  datapath/m_alu/add_49/U1_2/CO (FADDX1)                  0.40 &     5.81 f
  datapath/m_alu/add_49/U1_3/CO (FADDX1)                  0.39 &     6.20 f
  datapath/m_alu/add_49/U1_4/CO (FADDX1)                  0.38 &     6.58 f
  datapath/m_alu/add_49/U1_5/CO (FADDX1)                  0.39 &     6.97 f
  datapath/m_alu/add_49/U1_6/CO (FADDX1)                  0.38 &     7.35 f
  datapath/m_alu/add_49/U1_7/CO (FADDX1)                  0.38 &     7.74 f
  datapath/m_alu/add_49/U1_8/CO (FADDX1)                  0.38 &     8.12 f
  datapath/m_alu/add_49/U1_9/CO (FADDX1)                  0.38 &     8.50 f
  datapath/m_alu/add_49/U1_10/CO (FADDX1)                 0.38 &     8.88 f
  datapath/m_alu/add_49/U1_11/CO (FADDX1)                 0.38 &     9.26 f
  datapath/m_alu/add_49/U1_12/CO (FADDX1)                 0.38 &     9.64 f
  datapath/m_alu/add_49/U1_13/CO (FADDX1)                 0.38 &    10.02 f
  datapath/m_alu/add_49/U1_14/CO (FADDX1)                 0.39 &    10.41 f
  datapath/m_alu/add_49/U1_15/CO (FADDX1)                 0.38 &    10.80 f
  datapath/m_alu/add_49/U1_16/CO (FADDX1)                 0.38 &    11.18 f
  datapath/m_alu/add_49/U1_17/CO (FADDX1)                 0.39 &    11.56 f
  datapath/m_alu/add_49/U1_18/CO (FADDX1)                 0.38 &    11.94 f
  datapath/m_alu/add_49/U1_19/CO (FADDX1)                 0.38 &    12.32 f
  datapath/m_alu/add_49/U1_20/CO (FADDX1)                 0.38 &    12.70 f
  datapath/m_alu/add_49/U1_21/CO (FADDX1)                 0.37 &    13.07 f
  datapath/m_alu/add_49/U1_22/CO (FADDX1)                 0.38 &    13.45 f
  datapath/m_alu/add_49/U1_23/CO (FADDX1)                 0.38 &    13.83 f
  datapath/m_alu/add_49/U1_24/CO (FADDX1)                 0.39 &    14.22 f
  datapath/m_alu/add_49/U1_25/CO (FADDX1)                 0.39 &    14.61 f
  datapath/m_alu/add_49/U1_26/CO (FADDX1)                 0.39 &    15.00 f
  datapath/m_alu/add_49/U1_27/CO (FADDX1)                 0.38 &    15.39 f
  datapath/m_alu/add_49/U1_28/CO (FADDX1)                 0.38 &    15.77 f
  datapath/m_alu/add_49/U1_29/CO (FADDX1)                 0.38 &    16.15 f
  datapath/m_alu/add_49/U1_30/CO (FADDX1)                 0.35 &    16.50 f
  datapath/m_alu/add_49/U1_31/Q (XOR3X1)                  0.28 &    16.79 f
  datapath/m_alu/add_49/SUM[31] (alu_DW01_add_0)          0.00      16.79 f
  datapath/m_alu/U174/QN (AOI222X1)                       0.58 &    17.37 r
  datapath/m_alu/U173/QN (NAND4X0)                        0.53 &    17.90 f
  datapath/m_alu/U134/Q (OR4X1)                           0.41 &    18.31 f
  datapath/m_alu/U133/Q (OR4X1)                           0.42 &    18.73 f
  datapath/m_alu/U17/QN (NOR4X0)                          0.31 &    19.04 r
  datapath/m_alu/zero (alu)                               0.00      19.04 r
  datapath/U49/Q (AO21X1)                                 0.45 &    19.49 r
  datapath/PC/load_en (register_width32_0)                0.00      19.49 r
  datapath/PC/U43/ZN (INVX0)                              0.16 &    19.65 f
  datapath/PC/U40/QN (NOR2X2)                             0.42 &    20.07 r
  datapath/PC/U41/QN (NOR2X0)                             0.47 &    20.54 f
  datapath/PC/U5/Z (NBUFFX2)                              0.29 &    20.84 f
  datapath/PC/U13/Q (AO22X1)                              0.32 &    21.16 f
  datapath/PC/Q_reg_7_/D (DFFX1)                          0.00 &    21.16 f
  data arrival time                                                 21.16

  clock ideal_clock1 (rise edge)                        576.00     576.00
  clock network delay (propagated)                        0.25     576.25
  datapath/PC/Q_reg_7_/CLK (DFFX1)                        0.00     576.25 r
  library setup time                                     -0.12     576.13
  data required time                                               576.13
  --------------------------------------------------------------------------
  data required time                                               576.13
  data arrival time                                                -21.16
  --------------------------------------------------------------------------
  slack (MET)                                                      554.97


1
