
  Loading design 'mips_processor'




Information: Library Manufacturing Grid(GridResolution) : 1
Information: Time Unit from Milkyway design library: 'ns' 
Information: Design Library and main library timing units are matched - 1.000 ns. 
Information: Resistance Unit from Milkyway design library: 'kohm' 
Warning: Mismatch in the main library and the Milkyway library resistance units. In the main library it is 1000.000 kohm and in the Milkyway design library it is 1.000 kohm. Check and correct the resistance units in the .tf and .db files. (PSYN-476)
Information: Capacitance Unit from Milkyway design library: 'ff' 
Information: Design Library and main library capacitance units are matched - 0.001 pf. 
Warning: Inconsistent library data found for layer PO. (RCEX-018)
Information: The distance unit in Capacitance and Resistance is 1 micron. (RCEX-007)
Information: The RC model used is detail route TLU+. (RCEX-015)
Information: Start mixed mode parasitic extraction. (RCEX-023)
Information: Start rc extraction...
Warning: Not enough nets are routed (84/6130 < 0.66667); will do extraction by using placement congestion map as background. (RCEX-047)
Information: Parasitic source is LPE. (RCEX-040)
Information: Parasitic mode is RealRVirtualC. (RCEX-041)
Information: Using virtual shield extraction. (RCEX-081)
Information: Extraction mode is MIN_MAX. (RCEX-042)
Information: Extraction derate is 125/125/125. (RCEX-043)
Information: Start back annotation for parasitic extraction. (RCEX-023)
Information: End back annotation for parasitic extraction. (RCEX-023)
Information: Start timing update for parasitic extraction. (RCEX-023)
Information: End timing update for parasitic extraction. (RCEX-023)
Information: End parasitic extraction. (RCEX-023)
Information: Start rc update...
****************************************************************
Information: TLUPlus based RC computation is enabled. (RCEX-141)
****************************************************************
Information: The distance unit in Capacitance and Resistance is 1 micron. (RCEX-007)
Information: The RC model used is TLU+. (RCEX-015)
Information: Library Derived Cap for layer M1 : 0.16 0.14 (RCEX-011)
Information: Library Derived Res for layer M1 : 2e-06 2e-06 (RCEX-011)
Information: Library Derived Cap for layer M2 : 0.17 0.15 (RCEX-011)
Information: Library Derived Res for layer M2 : 1.8e-06 1.8e-06 (RCEX-011)
Information: Library Derived Cap for layer M3 : 0.11 0.096 (RCEX-011)
Information: Library Derived Res for layer M3 : 1.8e-06 1.8e-06 (RCEX-011)
Information: Library Derived Cap for layer M4 : 0.11 0.096 (RCEX-011)
Information: Library Derived Res for layer M4 : 1.8e-06 1.8e-06 (RCEX-011)
Information: Library Derived Cap for layer M5 : 0.094 0.079 (RCEX-011)
Information: Library Derived Res for layer M5 : 1.8e-06 1.8e-06 (RCEX-011)
Information: Library Derived Cap for layer M6 : 0.094 0.079 (RCEX-011)
Information: Library Derived Res for layer M6 : 1.8e-06 1.8e-06 (RCEX-011)
Information: Library Derived Cap for layer M7 : 0.092 0.076 (RCEX-011)
Information: Library Derived Res for layer M7 : 1.8e-06 1.8e-06 (RCEX-011)
Information: Library Derived Cap for layer M8 : 0.092 0.076 (RCEX-011)
Information: Library Derived Res for layer M8 : 1.8e-06 1.8e-06 (RCEX-011)
Information: Library Derived Cap for layer M9 : 0.11 0.088 (RCEX-011)
Information: Library Derived Res for layer M9 : 1.7e-06 1.7e-06 (RCEX-011)
Information: Library Derived Cap for layer MRDL : 0.11 0.11 (RCEX-011)
Information: Library Derived Res for layer MRDL : 1.8e-07 1.8e-07 (RCEX-011)
Information: Library Derived Horizontal Cap : 0.11 0.096 (RCEX-011)
Information: Library Derived Horizontal Res : 1.8e-06 1.8e-06 (RCEX-011)
Information: Library Derived Vertical Cap : 0.11 0.1 (RCEX-011)
Information: Library Derived Vertical Res : 1.5e-06 1.5e-06 (RCEX-011)
Information: Using derived R and C coefficients. (RCEX-008)
Information: Using region-based R and C coefficients. (RCEX-013)
Information: Library Derived Via Res : 4.6e-07 4.6e-07 (RCEX-011)
Information: End rc update.
Information: The mixed mode parasitic extraction has been performed. (RCEX-202)
Information: Updating graph... (UID-83)
Information: Updating design information... (UID-85)
Information: Input delay ('rise') on clock port 'ideal_clock1' will be added to the clock's propagated skew. (TIM-112)
Information: Input delay ('fall') on clock port 'ideal_clock1' will be added to the clock's propagated skew. (TIM-112)
Information: Using CCS timing info. (TIM-025)
Warning: Extrapolations far outside the librarycharacterization range have been detected 534 times during delay calculation. (RCCALC-014)
 
****************************************
Report : qor
Design : mips_processor
Version: M-2016.12-SP4
Date   : Sun Nov 17 14:46:40 2019
****************************************


  Timing Path Group 'ideal_clock1'
  -----------------------------------
  Levels of Logic:              45.00
  Critical Path Length:          3.19
  Critical Path Slack:           0.78
  Critical Path Clk Period:      4.00
  Total Negative Slack:          0.00
  No. of Violating Paths:        0.00
  Worst Hold Violation:          0.00
  Total Hold Violation:          0.00
  No. of Hold Violations:        0.00
  -----------------------------------


  Cell Count
  -----------------------------------
  Hierarchical Cell Count:         16
  Hierarchical Port Count:       1294
  Leaf Cell Count:               5039
  Buf/Inv Cell Count:             385
  Buf Cell Count:                 138
  Inv Cell Count:                 247
  CT Buf/Inv Cell Count:           83
  Combinational Cell Count:      3851
  Sequential Cell Count:         1188
  Macro Count:                      0
  -----------------------------------


  Area
  -----------------------------------
  Combinational Area:     9953.549787
  Noncombinational Area:  7851.524993
  Buf/Inv Area:            832.067455
  Total Buffer Area:           489.74
  Total Inverter Area:         342.33
  Macro/Black Box Area:      0.000000
  Net Area:               7956.586420
  Net XLength        :       71465.20
  Net YLength        :       67135.95
  -----------------------------------
  Cell Area:             17805.074781
  Design Area:           25761.661201
  Net Length        :       138601.16


  Design Rules
  -----------------------------------
  Total Number of Nets:          6140
  Nets With Violations:             0
  Max Trans Violations:             0
  Max Cap Violations:               0
  -----------------------------------


  Hostname: blackhawk

  Compile CPU Statistics
  -----------------------------------------
  Resource Sharing:                    0.60
  Logic Optimization:                  2.17
  Mapping Optimization:                5.55
  -----------------------------------------
  Overall Compile Time:               10.01
  Overall Compile Wall Clock Time:    10.19

  --------------------------------------------------------------------

  Design  WNS: 0.00  TNS: 0.00  Number of Violating Paths: 0


  Design (Hold)  WNS: 0.00  TNS: 0.00  Number of Violating Paths: 0

  --------------------------------------------------------------------


1
