 
****************************************
  Report : Chip Summary
  Design : mips_processor
  Version: M-2016.12-SP4
  Date   : Sun Nov 17 14:46:23 2019
****************************************
Std cell utilization: 59.98%  (70059/(116802-0))
(Non-fixed + Fixed)
Std cell utilization: 59.72%  (69307/(116802-752))
(Non-fixed only)
Chip area:            116802   sites, bbox (30.00 30.00 202.37 202.22) um
Std cell area:        70059    sites, (non-fixed:69307  fixed:752)
                      5039     cells, (non-fixed:4956   fixed:83)
Macro cell area:      0        sites
                      0        cells
Placement blockages:  0        sites, (excluding fixed std cells)
                      752      sites, (include fixed std cells & chimney area)
                      0        sites, (complete p/g net blockages)
Routing blockages:    0        sites, (partial p/g net blockages)
                      0        sites, (routing blockages and signal pre-route)
Lib cell count:       50 
Avg. std cell width:  2.01 um 
Site array:           unit     (width: 0.152 um, height: 1.672 um, rows: 103)
Physical DB scale:    1000 db_unit = 1 um 

 
****************************************
  Report : pnet options
  Design : mips_processor
  Version: M-2016.12-SP4
  Date   : Sun Nov 17 14:46:23 2019
****************************************


--------------------------------------------------------------------
Layer      Blockage   Min_width   Min_height   Via_additive     Density
--------------------------------------------------------------------
M1         none          ---         ---       via additive      ---
M2         none          ---         ---       via additive      ---
M3         none          ---         ---       via additive      ---
M4         none          ---         ---       via additive      ---
M5         none          ---         ---       via additive      ---
M6         none          ---         ---       via additive      ---
M7         none          ---         ---       via additive      ---
M8         none          ---         ---       via additive      ---
M9         none          ---         ---       via additive      ---
MRDL       none          ---         ---       via additive      ---

**********************************
      Sub-Region Utilization      
**********************************
Number of regions with placement utilization 0 - 0.125 is 0 (0.00%)
Number of regions with placement utilization 0.125 - 0.25 is 0 (0.00%)
Number of regions with placement utilization 0.25 - 0.375 is 0 (0.00%)
Number of regions with placement utilization 0.375 - 0.5 is 4 (0.91%)
Number of regions with placement utilization 0.5 - 0.625 is 320 (72.56%)
Number of regions with placement utilization 0.625 - 0.75 is 116 (26.30%)
Number of regions with placement utilization 0.75 - 0.875 is 1 (0.23%)
Number of regions with placement utilization 0.875 - 1 is 0 (0.00%)
1
