****************************************
Report : Averaged Power
	-hierarchy
	-verbose
Design : mips_processor
Version: M-2017.06-SP2
Date   : Sun Nov 17 16:32:46 2019
****************************************

Library(s) Used:

    saed90nm_max (File: /apps/synopsys2017/cafe/SAED/SAED90_EDK/SAED_EDK90nm/Digital_Standard_cell_Library/synopsys/models/saed90nm_max.db)


Operating Conditions: WORST   Library: saed90nm_max
Wire Load Model Mode: enclosed

Cell               Design       Wire_model  Library       Selection_type
--------------------------------------------------------------------------------
                   mips_processor
                                140000      saed90nm_max  automatic-by-area
control            mips_control 8000        saed90nm_max  automatic-by-area
a_control          alu_control  8000        saed90nm_max  automatic-by-area
datapath           mips_datapath
                                140000      saed90nm_max  automatic-by-area
datapath/aluOutReg register_width32_1
                                8000        saed90nm_max  automatic-by-area
datapath/Registers reg_file     70000       saed90nm_max  automatic-by-area
datapath/m_alu     alu          16000       saed90nm_max  automatic-by-area
datapath/m_alu/r65 alu_DW01_cmp6_0
                                8000        saed90nm_max  automatic-by-area
datapath/m_alu/add_49
                   alu_DW01_add_0
                                8000        saed90nm_max  automatic-by-area
datapath/m_alu/srl_65
                   alu_DW_rash_0
                                8000        saed90nm_max  automatic-by-area
datapath/m_alu/sub_50
                   alu_DW01_sub_0
                                8000        saed90nm_max  automatic-by-area
datapath/m_alu/sll_64
                   alu_DW01_ash_0
                                8000        saed90nm_max  automatic-by-area
datapath/IR        register_width32_5
                                8000        saed90nm_max  automatic-by-area
datapath/A         register_width32_3
                                8000        saed90nm_max  automatic-by-area
datapath/B         register_width32_2
                                8000        saed90nm_max  automatic-by-area
datapath/MDR       register_width32_4
                                8000        saed90nm_max  automatic-by-area
datapath/PC        register_width32_0
                                8000        saed90nm_max  automatic-by-area

Power-specific unit information :
    Voltage Units = 1 V
    Capacitance Units = 1 pf
    Time Units = 1 ns
    Dynamic Power Units = 1 W
    Leakage Power Units = 1 W



                                      Int      Switch   Leak      Total
Hierarchy                             Power    Power    Power     Power    %
--------------------------------------------------------------------------------
mips_processor                        1.12e-06 4.19e-06 2.74e-04  2.79e-04 100.0
  control (mips_control)              6.74e-08 1.04e-07 1.79e-06  1.97e-06   0.7
  a_control (alu_control)             8.73e-09 1.33e-08 5.84e-07  6.06e-07   0.2
  datapath (mips_datapath)            8.83e-07 3.27e-06 2.70e-04  2.74e-04  98.2
    aluOutReg (register_width32_1)    2.43e-08 2.21e-08 4.14e-06  4.19e-06   1.5
    Registers (reg_file)              2.24e-08 1.78e-06 2.04e-04  2.06e-04  73.6
    m_alu (alu)                       4.43e-07 2.91e-07 3.15e-05  3.22e-05  11.5
      r65 (alu_DW01_cmp6_0)           7.69e-08 5.56e-08 3.81e-06  3.94e-06   1.4
      add_49 (alu_DW01_add_0)         3.64e-08 7.88e-09 2.86e-06  2.90e-06   1.0
      srl_65 (alu_DW_rash_0)          2.72e-08 1.18e-08 5.93e-06  5.96e-06   2.1
      sub_50 (alu_DW01_sub_0)         1.97e-07 9.63e-08 3.52e-06  3.81e-06   1.4
      sll_64 (alu_DW01_ash_0)         2.46e-08 2.85e-08 7.50e-06  7.56e-06   2.7
    IR (register_width32_5)           4.04e-08 6.97e-08 4.13e-06  4.24e-06   1.5
    A (register_width32_3)                 N/A 9.16e-10 4.05e-06  4.03e-06   1.4
    B (register_width32_2)            2.24e-08 3.77e-08 4.19e-06  4.25e-06   1.5
    MDR (register_width32_4)          2.20e-08 9.94e-09 4.11e-06  4.14e-06   1.5
    PC (register_width32_0)           3.17e-08 6.70e-08 4.22e-06  4.31e-06   1.5
1
