# Preference setting overrides
gui_create_pref_key -category {Globals} -key {load_detail_for_funcov} -value_type {bool} -value {false}
gui_create_pref_category -category {schem_obj_name}
gui_create_pref_key -category {schem_obj_name} -key {show_cell_and_pin_with_symbol_name} -value_type {bool} -value {false}
gui_create_pref_key -category {schem_pin_hc} -key {textExtFont} -value_type {string} -value {Helvetica,10,-1,5,50,0,0,0,0,0}

# State setting overrides
gui_state_default_create -off -ini
gui_set_state_value -category Globals -key recent_sessions -value {{gui_load_session -ignore_errors -file /home/student/jkw0002/CPE527L/Lab4/vcs-post-par/session.inter.vpd.tcl}}
gui_set_state_value -category Layout -key child_console_size_x -value 2043
gui_set_state_value -category Layout -key child_console_size_y -value 165
gui_set_state_value -category Layout -key child_data_coltype -value 590
gui_set_state_value -category Layout -key child_data_colvalue -value 531
gui_set_state_value -category Layout -key child_data_colvariable -value 649
gui_set_state_value -category Layout -key child_data_docknewline -value false
gui_set_state_value -category Layout -key child_data_dockstate -value undocked
gui_set_state_value -category Layout -key child_data_pos_x -value {-2}
gui_set_state_value -category Layout -key child_data_pos_y -value {-15}
gui_set_state_value -category Layout -key child_data_showstate -value maximized
gui_set_state_value -category Layout -key child_data_size_x -value 1778
gui_set_state_value -category Layout -key child_data_size_y -value 815
gui_set_state_value -category Layout -key child_hier_col3 -value {-1}
gui_set_state_value -category Layout -key child_hier_colhier -value 174
gui_set_state_value -category Layout -key child_hier_colpd -value 0
gui_set_state_value -category Layout -key child_hier_size_x -value 269
gui_set_state_value -category Layout -key child_hier_size_y -value 820
gui_set_state_value -category Layout -key child_list_down -value 179
gui_set_state_value -category Layout -key child_list_right -value 444
gui_set_state_value -category Layout -key child_schematic_docknewline -value false
gui_set_state_value -category Layout -key child_schematic_pos_x -value {-2}
gui_set_state_value -category Layout -key child_schematic_pos_y -value {-15}
gui_set_state_value -category Layout -key child_schematic_size_x -value 1778
gui_set_state_value -category Layout -key child_schematic_size_y -value 815
gui_set_state_value -category Layout -key child_source_docknewline -value false
gui_set_state_value -category Layout -key child_source_pos_x -value {-2}
gui_set_state_value -category Layout -key child_source_pos_y -value {-15}
gui_set_state_value -category Layout -key child_source_size_x -value 1778
gui_set_state_value -category Layout -key child_source_size_y -value 815
gui_set_state_value -category Layout -key child_wave_colname -value 258
gui_set_state_value -category Layout -key child_wave_colvalue -value 258
gui_set_state_value -category Layout -key child_wave_left -value 521
gui_set_state_value -category Layout -key child_wave_right -value 1270
gui_set_state_value -category Layout -key main_pos_x -value 138
gui_set_state_value -category Layout -key main_pos_y -value 785
gui_set_state_value -category Layout -key main_size_x -value 2181
gui_set_state_value -category Layout -key main_size_y -value 1869
gui_set_state_value -category Layout -key stand_list_child_docknewline -value false
gui_set_state_value -category Layout -key stand_list_child_pos_x -value {-2}
gui_set_state_value -category Layout -key stand_list_child_pos_y -value {-15}
gui_set_state_value -category Layout -key stand_list_child_size_x -value 604
gui_set_state_value -category Layout -key stand_list_child_size_y -value 324
gui_set_state_value -category Layout -key stand_list_top_pos_x -value 650
gui_set_state_value -category Layout -key stand_list_top_pos_y -value 388
gui_set_state_value -category Layout -key stand_list_top_size_x -value 1249
gui_set_state_value -category Layout -key stand_list_top_size_y -value 887
gui_set_state_value -category Layout -key stand_wave_child_docknewline -value false
gui_set_state_value -category Layout -key stand_wave_child_pos_x -value {-2}
gui_set_state_value -category Layout -key stand_wave_child_pos_y -value {-15}
gui_set_state_value -category Layout -key stand_wave_child_size_x -value 1801
gui_set_state_value -category Layout -key stand_wave_child_size_y -value 1097
gui_set_state_value -category Layout -key stand_wave_top_pos_x -value 259
gui_set_state_value -category Layout -key stand_wave_top_pos_y -value 688
gui_set_state_value -category Layout -key stand_wave_top_size_x -value 2055
gui_set_state_value -category Layout -key stand_wave_top_size_y -value 1889
gui_create_state_key -category FindDialog -key m_pMatchCase -value_type bool -value false
gui_create_state_key -category FindDialog -key m_pMatchWord -value_type bool -value false
gui_create_state_key -category FindDialog -key m_pUseCombo -value_type string -value {}
gui_create_state_key -category FindDialog -key m_pWrapAround -value_type bool -value true
gui_create_state_key -category Widget_History -key {dlgSimSetup|m_setupTab|tab pages|SimTab|m_VPDCombo} -value_type string -value inter.vpd
gui_create_state_key -category Widget_History -key {dlgSimSetup|m_setupTab|tab pages|SimTab|m_argsCombo} -value_type string -value {{-V} {-ucligui }}
gui_create_state_key -category Widget_History -key {dlgSimSetup|m_setupTab|tab pages|SimTab|m_curDirCombo} -value_type string -value {/home/student/jkw0002/CPE527L/PROJECT/vcs_post_par /home/student/jkw0002/CPE527L/Lab4/vcs-post-syn /home/student/jkw0002/CPE527L/Lab4/vcs-post-par /home/student/jkw0002/CPE527L/Lab4/vcs-src /home/student/jkw0002/CPE527L/Lab1/Assignment1}
gui_create_state_key -category Widget_History -key {dlgSimSetup|m_setupTab|tab pages|SimTab|m_exeCombo} -value_type string -value {./simv /home/student/jkw0002/CPE527L/Lab4/vcs-post-syn/simv /home/student/jkw0002/CPE527L/Lab4/vcs-src/simv ./alu32.simv ./fib_gen.simv}
gui_state_default_create -off

# Begin command logging
gui_sim_run Ucli -exe ./simv -args {-ucligui  } -dir .
gui_use_schematics 
gui_path_show -objects mips_processor_tb
gui_zoom -window Schematic.1 -rect { {-15662 -4071} {25661 14093} }
gui_zoom -window Schematic.1 -rect { {-877 -385} {877 386} }
gui_zoom -window Schematic.1 -rect { {-877 -385} {877 386} }
gui_close_window -window  Schematic.1
