11:07:54    16 -->                                                             [tcl] ucliGUI::connect -toolargs -ucligui -toolexe ./simv -pid 142898 -toolin /tmp/vcs_20191116170743_142897_jkw0002..stdin -toolout /tmp/vcs_20191116170743_142897_jkw0002..stdout  
11:07:54    17 -->                                                                 [tcl] set ucliGUI::state
11:07:54    18 -->                                                                     [tcl] gui_update_simulator_buttons
11:07:59    19 -->                                                                         [tcl] set ucliGUI::state
11:07:59    20 -->                                                                             [tcl] ucliCore::getToolPID
11:07:59    21 -->                                                                                 [tcl] synopsys::env hasTB
11:07:59    22 -->                                                                                     [tcl] trigger_hier_stack_context_switch 0
11:07:59    23 -->                                                                                         [tcl] synUtils::setDVEInitPhase 1
11:07:59    24 -->                                                                                             [tcl] gui_get_env SIMSETUP::SIMVPD
11:07:59    25 --> ...  [tcl] synopsys::dump -type VPD -file /home/student/jkw0002/CPE527L/PROJECT/vcs_src/inter.vpd -locking
11:07:59    26 --> ...      [tcl] synopsys::dump -autoflush on -fid VPD0
11:07:59    27 --> ...          [tcl] set ::dve_fid VPD0
11:07:59    28 --> ...              [tcl] synUtils::setDVEInitPhase 0
11:07:59    29 --> ...                  [tcl] ucliCore::getToolPID
11:07:59    30 --> ...                      [tcl] synUtils::sendTool -active _icl_setToolSocket /tmp/smlnp3JOgDx
11:07:59    31 --> ...                          [tcl] synUtils::sendTool -active {_icl_start_rpc -version "M-2017.03-SP1_Full64" -sync_file /tmp/vcs_dve_rpc.jkw0002.142898}
11:08:00    32 --> ...                              [tcl] synUtils::sendTool -active {_icl_createSharedMemory /tmp/vcs_dve_general.jkw0002.142898}
11:08:00    33 --> ...                                  [tcl] dveMisc::vbusExpand mips_processor_tb
11:08:01    34 --> ...                                      [tcl] config endofsim noexit
11:08:01    35 --> ...                                          [tcl] config onfail enable all
11:08:01    36 --> ...                                              [tcl] config syscaddplainmembers
11:08:01    37 --> ...                                                  [tcl] config syscaddsourcenames
11:08:01    38 --> ...                                                      [tcl] config syscaddstructtypes
11:08:01    39 --> ...                                                          [tcl] synopsys::listing -disable
11:08:19    40 --> ...                                                              [tcl] tcl_source /apps/synopsys2017/vcs/M-2017.03-SP1/gui/dve/auxx/gui/dve/schematic.tcl
11:08:19    41 --> ...                                                                  [tcl] tcl_source /apps/synopsys2017/vcs/M-2017.03-SP1/gui/dve/auxx/gui/common/schematic/base.tcl
11:08:19    42 --> ...                                                                      [tcl] tcl_source /apps/synopsys2017/vcs/M-2017.03-SP1/gui/dve/auxx/gui/common/schematic/enable.tcl
11:08:19    43 --> ...                                                                          [tcl] tcl_source /apps/synopsys2017/vcs/M-2017.03-SP1/gui/dve/auxx/gui/common/schematic/netlist.tcl
11:08:19    44 --> ...                                                                              [tcl] tcl_source /apps/synopsys2017/vcs/M-2017.03-SP1/gui/dve/auxx/gui/common/schematic/method.tcl
11:08:19    45 --> ...                                                                                  [tcl] tcl_source /apps/synopsys2017/vcs/M-2017.03-SP1/gui/dve/auxx/gui/common/strokes/stroke_defaults.tcl
11:08:19    46 --> ...                                                                                      [tcl] tcl_source /apps/synopsys2017/vcs/M-2017.03-SP1/gui/dve/auxx/gui/common/dialogs/ObjectListInfo.tcl
11:08:19    47 --> ...                                                                                          [tcl] tcl_source /apps/synopsys2017/vcs/M-2017.03-SP1/gui/dve/auxx/gui/common/schematic/DialogPathSchematicFanInOut.tcl
11:08:20    48 --> ...                                                                                              [tcl] tcl_source /apps/synopsys2017/vcs/M-2017.03-SP1/gui/dve/auxx/gui/dve/driversloads.tcl
11:08:58    49 --> ...                                                                                                  [tcl] if [catch {gui_sim_terminate}] {gui_sim_terminate -kill}
11:08:58    50 --> ...  [tcl] synopsys::finish
11:08:58    51 --> ...      [tcl] set ucliGUI::state
11:08:58    52 --> ...          [tcl] gui_update_simulator_buttons
11:08:58    53 --> ...              [tcl] set ucliGUI::state
11:08:58    54 --> ...                  [tcl] catch {senv activeDomain} dveMisc::result 
11:08:58    55 --> ...                      [tcl] set dveMisc::result
11:08:58    56 --> ...                          [tcl] gui_update_simulator_buttons
11:08:58    57 --> ...                              [tcl] catch {senv activeDomain} dveMisc::result 
11:08:58    58 --> ...                                  [tcl] set dveMisc::result
11:08:59    59 --> ...                                      [tcl] ucli_exit
