 
****************************************
Report : constraint
Design : mips_processor
Version: M-2016.12-SP4
Date   : Sat Nov 16 20:33:00 2019
****************************************


                                                   Weighted
    Group (max_delay/setup)      Cost     Weight     Cost
    -----------------------------------------------------
    ideal_clock1                 0.00      1.00      0.00
    default                      0.00      1.00      0.00
    -----------------------------------------------------
    max_delay/setup                                  0.00

                              Total Neg  Critical
    Group (critical_range)      Slack    Endpoints   Cost
    -----------------------------------------------------
    ideal_clock1                 0.00         0      0.00
    default                      0.00         0      0.00
    -----------------------------------------------------
    critical_range                                   0.00

                                                   Weighted
    Group (min_delay/hold)       Cost     Weight     Cost
    -----------------------------------------------------
    ideal_clock1 (no fix_hold)
                                 0.00      1.00      0.00
    default                      0.00      1.00      0.00
    -----------------------------------------------------
    min_delay/hold                                   0.00


    Constraint                                       Cost
    -----------------------------------------------------
    min_capacitance                                  0.00 (MET)
    max_transition                                   0.00 (MET)
    max_capacitance                                  0.00 (MET)
    max_delay/setup                                  0.00 (MET)
    sequential_clock_pulse_width                     0.00 (MET)
    critical_range                                   0.00 (MET)
    max_area                                     83441.70 (VIOLATED)


1
