 
****************************************
Report : reference
Design : mips_processor
Version: M-2016.12-SP4
Date   : Sat Nov 16 20:33:00 2019
****************************************

Attributes:
    b - black box (unknown)
   bo - allows boundary optimization
    d - dont_touch
   mo - map_only
    h - hierarchical
    n - noncombinational
    r - removable
    s - synthetic operator
    u - contains unmapped logic

Reference          Library       Unit Area   Count    Total Area   Attributes
-----------------------------------------------------------------------------
alu_control                     225.792000       1    225.792000  h
mips_control                    583.372804       1    583.372804  h, n
mips_datapath                 74633.931855       1  74633.931855  h, n
-----------------------------------------------------------------------------
Total 3 references                                  75443.096659
1
